PREPARING MESH FOR MESHFEM3D

{'tag': 'nk_hires', 'dir_name': './created/nk_hires', 'lat_min': 0, 'lat_max': 50000.0, 'lon_min': 0, 'lon_max': 50000.0, 'utm_projection': 52, 'suppress_utm_proj': True, 'mesh_depth_km': 50.0, 'mesh_top_km': 0, 'doubling_layers': [10, 30], 'interfaces': [0, 10, 30], 'interface_increase': [1, 2, 2], 'interface_fids': ['interface_topo.dat', 'interface_1.dat', 'interface_2.dat'], 'regions': [5], 'materials': [[4400, 7500, 4500, 9999, 1001], [6500, 8500, 4500, 9999, 1000]], 'nproc': 4, 'grid_space_top_hv': [1, 1], 'shortest_period_s': 3, 'vs_min_km_per_s': 1.5, 'vp_max_km_per_s': 8.8, 'points_per_wl': 5, 'top_vertical_element_ratio': 0.5}

PARAMETERS FOR: nk_hires
	tag: nk_hires
	dir_name: ./created/nk_hires
	lat_min: 0
	lat_max: 50000.0
	lon_min: 0
	lon_max: 50000.0
	utm_projection: 52
	suppress_utm_proj: True
	mesh_depth_km: 50.0
	mesh_top_km: 0
	doubling_layers: [10, 30]
	interfaces: [0, 10, 30]
	interface_increase: [1, 2, 2]
	interface_fids: ['interface_topo.dat', 'interface_1.dat', 'interface_2.dat']
	regions: [5]
	materials: [[4400, 7500, 4500, 9999, 1001], [6500, 8500, 4500, 9999, 1000]]
	nproc: 4
	grid_space_top_hv: [1, 1]
	shortest_period_s: 3
	vs_min_km_per_s: 1.5
	vp_max_km_per_s: 8.8
	points_per_wl: 5
	top_vertical_element_ratio: 0.5
CALCULATING MINIMUM GRID SPACE AT TOP OF MESH
	Grid space XYZ given
	MIN GRID SPACE HORIZONTAL: 1
	MIN GRID SPACE VERTICAL: 1
CALCULATING NUMBER OF PROCESSORS
	x-axis length = 50.0
	y-axis length = 50.0
	short direction is 'y'
	NPROC_X = 2
	NPROC_Y = 2
CALCULATING NUMBER OF ELEMENTS AT TOP OF MESH
	integer multiple found as c=13
	NEX_X = 192
	NEX_Y = 192
	!!! enforcing NEX_PER_PROC_XI == 2c * 2 ** ndoublings
		NEX_X: 192 -> 192
	!!! enforcing NEX_PER_PROC_ETA == 2c * 2 ** ndoublings
		NEX_Y: 192 -> 192
	DX = 0.2604km
	DY = 0.2604km
	Note: if values below too large, adjust 'shortest_period_s'
	Note: if values below too small, check  'suppress_utm_proj'
	GRID_SPACE_H - DX = 0.7395833333333333
	GRID_SPACE_H - DY = 0.7395833333333333
SCALING VERTICAL ELEMENT SIZE BASED ON DX and DY
	DZ = (dx + dy)/2 * 0.5 ~= 0.25
CALCULATING NUMBER OF VERTICAL LAYERS (interfaces)
	40 layers of 0.25km between 0km and 10km (10.0 km)
	40 layers of 0.5km between 10km and 30km (20.0 km)
	20 layers of 1.0km between 30km and 50.0km (20.0 km)
	NLAYERS = 3
	NELEMENTS_Z = 100
	NUM ELEM PER LAYER FROM BOTTOM = [20, 40, 40]
FORMATTING HORIZONTAL DOUBLING LAYERS (ndoublings)
	depth 30km is approx element 20 at depth 31.00km
	depth 10km is approx element 60 at depth 10.50km
	NDOUBLING LAYERS = [20, 60]
FORMATTING NREGIONS AND NMATERIALS
	nregions = nmaterials = 2
	depth 5km is approx element 80 at depth 5.25km
	depth 0km is top of mesh 0km
	REGION STARTING ELEMENT = [100, 80]
MESH HAS THE APPROXIMATE FORM
	100/00; Z~=  0.00km
		Top of Mesh
		Interface (vertical x1)
		Region 1 begins
		dx=0.26, dy=0.26, dz=0.25
	99/01; Z~= -0.25km
	98/02; Z~= -0.50km
	97/03; Z~= -0.75km
	96/04; Z~= -1.00km
	95/05; Z~= -1.25km
	94/06; Z~= -1.50km
	93/07; Z~= -1.75km
	92/08; Z~= -2.00km
	91/09; Z~= -2.25km
	90/10; Z~= -2.50km
	89/11; Z~= -2.75km
	88/12; Z~= -3.00km
	87/13; Z~= -3.25km
	86/14; Z~= -3.50km
	85/15; Z~= -3.75km
	84/16; Z~= -4.00km
	83/17; Z~= -4.25km
	82/18; Z~= -4.50km
	81/19; Z~= -4.75km
	80/20; Z~= -5.00km
		Region 2 begins
		dx=0.26, dy=0.26, dz=0.25
	79/21; Z~= -5.25km
	78/22; Z~= -5.50km
	77/23; Z~= -5.75km
	76/24; Z~= -6.00km
	75/25; Z~= -6.25km
	74/26; Z~= -6.50km
	73/27; Z~= -6.75km
	72/28; Z~= -7.00km
	71/29; Z~= -7.25km
	70/30; Z~= -7.50km
	69/31; Z~= -7.75km
	68/32; Z~= -8.00km
	67/33; Z~= -8.25km
	66/34; Z~= -8.50km
	65/35; Z~= -8.75km
	64/36; Z~= -9.00km
	63/37; Z~= -9.25km
	62/38; Z~= -9.50km
	61/39; Z~= -9.75km
	60/40; Z~=-10.00km
		Interface (vertical x2)
		Doubling (horizontal doubling)
		dx=0.52, dy=0.52, dz=0.5
	59/41; Z~=-10.50km
	58/42; Z~=-11.00km
	57/43; Z~=-11.50km
	56/44; Z~=-12.00km
	55/45; Z~=-12.50km
	54/46; Z~=-13.00km
	53/47; Z~=-13.50km
	52/48; Z~=-14.00km
	51/49; Z~=-14.50km
	50/50; Z~=-15.00km
	49/51; Z~=-15.50km
	48/52; Z~=-16.00km
	47/53; Z~=-16.50km
	46/54; Z~=-17.00km
	45/55; Z~=-17.50km
	44/56; Z~=-18.00km
	43/57; Z~=-18.50km
	42/58; Z~=-19.00km
	41/59; Z~=-19.50km
	40/60; Z~=-20.00km
	39/61; Z~=-20.50km
	38/62; Z~=-21.00km
	37/63; Z~=-21.50km
	36/64; Z~=-22.00km
	35/65; Z~=-22.50km
	34/66; Z~=-23.00km
	33/67; Z~=-23.50km
	32/68; Z~=-24.00km
	31/69; Z~=-24.50km
	30/70; Z~=-25.00km
	29/71; Z~=-25.50km
	28/72; Z~=-26.00km
	27/73; Z~=-26.50km
	26/74; Z~=-27.00km
	25/75; Z~=-27.50km
	24/76; Z~=-28.00km
	23/77; Z~=-28.50km
	22/78; Z~=-29.00km
	21/79; Z~=-29.50km
	20/80; Z~=-30.00km
		Interface (vertical x2)
		Doubling (horizontal doubling)
		dx=1.04, dy=1.04, dz=1.0
	19/81; Z~=-31.00km
	18/82; Z~=-32.00km
	17/83; Z~=-33.00km
	16/84; Z~=-34.00km
	15/85; Z~=-35.00km
	14/86; Z~=-36.00km
	13/87; Z~=-37.00km
	12/88; Z~=-38.00km
	11/89; Z~=-39.00km
	10/90; Z~=-40.00km
	09/91; Z~=-41.00km
	08/92; Z~=-42.00km
	07/93; Z~=-43.00km
	06/94; Z~=-44.00km
	05/95; Z~=-45.00km
	04/96; Z~=-46.00km
	03/97; Z~=-47.00km
	02/98; Z~=-48.00km
	01/99; Z~=-49.00km
WRITING Mesh_Par_file
WRITING interfaces.dat
WRITING INTERACE interface_topo.dat
WRITING INTERACE interface_1.dat
WRITING INTERACE interface_2.dat
APPROXIMATING TOTAL NUMBER OF ELEMENTS IN MESH
	APPRX_NUM_ELEM = 1923840
