PREPARING MESH FOR MESHFEM3D

{'tag': 'cube2sph_nznorth_ext', 'dir_name': './created/cube2sph_nznorth_ext', 'lat_min': -405861.5, 'lat_max': 405861.5, 'lon_min': -361383.5, 'lon_max': 361383.05, 'utm_projection': -99, 'suppress_utm_proj': True, 'mesh_depth_km': 400.0, 'mesh_top_km': -2.67, 'doubling_layers': [50, 85], 'interfaces': [40, 80, 220], 'interface_fids': ['interface_40.dat', 'interface_80.dat', 'interface_220.dat'], 'interface_increase': [2, 2, 1], 'regions': [8, 50], 'nproc': 40, 'topo': 'nznorth_ext', 'grid_space_top_hv': [8, 4], 'shortest_period_s': 12, 'vs_min_km_per_s': 1.0, 'vp_max_km_per_s': 9.3, 'top_vertical_element_ratio': 1.0}

PARAMETERS FOR: cube2sph_nznorth_ext
	tag: cube2sph_nznorth_ext
	dir_name: ./created/cube2sph_nznorth_ext
	lat_min: -405861.5
	lat_max: 405861.5
	lon_min: -361383.5
	lon_max: 361383.05
	utm_projection: -99
	suppress_utm_proj: True
	mesh_depth_km: 400.0
	mesh_top_km: -2.67
	doubling_layers: [50, 85]
	interfaces: [40, 80, 220]
	interface_fids: ['interface_40.dat', 'interface_80.dat', 'interface_220.dat']
	interface_increase: [2, 2, 1]
	regions: [8, 50]
	nproc: 40
	topo: nznorth_ext
	grid_space_top_hv: [8, 4]
	shortest_period_s: 12
	vs_min_km_per_s: 1.0
	vp_max_km_per_s: 9.3
	top_vertical_element_ratio: 1.0
CALCULATING MINIMUM GRID SPACE AT TOP OF MESH
	Grid space XYZ given
	MIN GRID SPACE HORIZONTAL: 8
	MIN GRID SPACE VERTICAL: 4
CALCULATING NUMBER OF PROCESSORS
	short direction is x
	NPROC_X = 5
	NPROC_Y = 8
CALCULATING NUMBER OF ELEMENTS AT TOP OF MESH
	integer multiple found as c=2
	NEX_X = 120
	NEX_Y = 128
	!!! enforcing NEX_PER_PROC_XI == 2c * 2 ** ndoublings
		NEX_X: 120 -> 120
	!!! enforcing NEX_PER_PROC_ETA == 2c * 2 ** ndoublings
		NEX_Y: 128 -> 128
	DX = 6.0231km
	DY = 6.3416km
CALCULATING NUMBER OF VERTICAL LAYERS (interfaces)
	11 layers of 4km between -2.67km and 40km
	5 layers of 8km between 40km and 80km
	9 layers of 16km between 80km and 220km
	11 layers of 16km between 220km and 400.0km
	NLAYERS = 4
	NELEMENTS_Z = 36
	LAYER SIZE FROM BOTTOM = [11, 9, 5, 11]
FORMATTING HORIZONTAL DOUBLING LAYERS (ndoublings)
	depth 85km is approx element 20 at depth 97.33km
	depth 50km is approx element 24 at depth 57.33km
	NDOUBLING LAYERS = [20, 24]
FORMATTING NREGIONS AND NMATERIALS
	nregions = nmaterials = 3
	depth 50km is approx element 24 at depth 57.33km
	depth 8km is approx element 34 at depth 9.33km
	depth -2.67km is top of mesh -2.67km
	REGION STARTING ELEMENT = [36, 34, 24]
MESH HAS THE APPROXIMATE FORM
	36/01; Z~= -2.67km
		Top of Mesh
		Region 1 begins
		dx=6.02, dy=6.34, dz=4
	35/02; Z~= -6.67km
	34/03; Z~=-10.67km
		Region 2 begins
		dx=6.02, dy=6.34, dz=4
	33/04; Z~=-14.67km
	32/05; Z~=-18.67km
	31/06; Z~=-22.67km
	30/07; Z~=-26.67km
	29/08; Z~=-30.67km
	28/09; Z~=-34.67km
	27/10; Z~=-38.67km
	26/11; Z~=-42.67km
	25/12; Z~=-46.67km
		Interface (vertical x2)
		dx=6.02, dy=6.34, dz=8
	24/13; Z~=-54.67km
		Doubling (horizontal doubling)
		Region 3 begins
		dx=12.05, dy=12.68, dz=8
	23/14; Z~=-62.67km
	22/15; Z~=-70.67km
	21/16; Z~=-78.67km
	20/17; Z~=-86.67km
		Interface (vertical x2)
		Doubling (horizontal doubling)
		dx=24.09, dy=25.37, dz=16
	19/18; Z~=-102.67km
	18/19; Z~=-118.67km
	17/20; Z~=-134.67km
	16/21; Z~=-150.67km
	15/22; Z~=-166.67km
	14/23; Z~=-182.67km
	13/24; Z~=-198.67km
	12/25; Z~=-214.67km
	11/26; Z~=-230.67km
		Interface (vertical x1)
		dx=24.09, dy=25.37, dz=16
	10/27; Z~=-246.67km
	09/28; Z~=-262.67km
	08/29; Z~=-278.67km
	07/30; Z~=-294.67km
	06/31; Z~=-310.67km
	05/32; Z~=-326.67km
	04/33; Z~=-342.67km
	03/34; Z~=-358.67km
	02/35; Z~=-374.67km
	01/36; Z~=-390.67km
WRITING Mesh_Par_file
WRITING interfaces.dat
	setting topography to 'nznorth_ext', points to 'interface_topo.dat'
WRITING INTERACE interface_40.dat
WRITING INTERACE interface_80.dat
WRITING INTERACE interface_220.dat
APPROXIMATING TOTAL NUMBER OF ELEMENTS IN MESH
	APPRX_NUM_ELEM = 233280
