PREPARING MESH FOR MESHFEM3D

{'tag': 'nk_hires', 'dir_name': './created/nk_hires', 'lat_min': 40.5, 'lat_max': 45.5, 'lon_min': 126.0, 'lon_max': 134.0, 'utm_projection': 52, 'suppress_utm_proj': False, 'mesh_depth_km': 200.0, 'mesh_top_km': 0, 'doubling_layers': [6, 18, 30], 'interfaces': [0, 10, 11, 30, 50], 'interface_increase': [2, 2, 2, 2, 2], 'interface_fids': ['interface_topo.dat', 'interface_1.dat', 'interface_2.dat', 'interface_3.dat', 'interface_4.dat'], 'regions': [5, 15, 25], 'materials': [[4400, 7500, 4500, 9999, 1001], [6500, 8500, 4500, 9999, 1000], [7500, 9000, 4500, 9999, 1000], [7500, 9000, 4500, 9999, 1000]], 'nproc': 48, 'grid_space_top_hv': [1, 1], 'shortest_period_s': 3.0, 'vs_min_km_per_s': 1.5, 'vp_max_km_per_s': 8.8, 'points_per_wl': 5, 'top_vertical_element_ratio': 0.25}

PARAMETERS FOR: nk_hires
	tag: nk_hires
	dir_name: ./created/nk_hires
	lat_min: 40.5
	lat_max: 45.5
	lon_min: 126.0
	lon_max: 134.0
	utm_projection: 52
	suppress_utm_proj: False
	mesh_depth_km: 200.0
	mesh_top_km: 0
	doubling_layers: [6, 18, 30]
	interfaces: [0, 10, 11, 30, 50]
	interface_increase: [2, 2, 2, 2, 2]
	interface_fids: ['interface_topo.dat', 'interface_1.dat', 'interface_2.dat', 'interface_3.dat', 'interface_4.dat']
	regions: [5, 15, 25]
	materials: [[4400, 7500, 4500, 9999, 1001], [6500, 8500, 4500, 9999, 1000], [7500, 9000, 4500, 9999, 1000], [7500, 9000, 4500, 9999, 1000]]
	nproc: 48
	grid_space_top_hv: [1, 1]
	shortest_period_s: 3.0
	vs_min_km_per_s: 1.5
	vp_max_km_per_s: 8.8
	points_per_wl: 5
	top_vertical_element_ratio: 0.25
CALCULATING MINIMUM GRID SPACE AT TOP OF MESH
	Grid space XYZ given
	MIN GRID SPACE HORIZONTAL: 1
	MIN GRID SPACE VERTICAL: 1
CALCULATING NUMBER OF PROCESSORS
	x-axis length = 644.8455351677607
	y-axis length = 563.0894747246932
	short direction is 'y'
	NPROC_X = 8
	NPROC_Y = 6
CALCULATING NUMBER OF ELEMENTS AT TOP OF MESH
	integer multiple found as c=2
	NEX_X = 704
	NEX_Y = 576
	!!! enforcing NEX_PER_PROC_XI == 2c * 2 ** ndoublings
		NEX_X: 704 -> 768
	!!! enforcing NEX_PER_PROC_ETA == 2c * 2 ** ndoublings
		NEX_Y: 576 -> 576
	DX = 0.8396km
	DY = 0.9776km
	Note: if values below too large, adjust 'shortest_period_s'
	Note: if values below too small, check  'suppress_utm_proj'
	GRID_SPACE_H - DX = 0.16035737608364498
	GRID_SPACE_H - DY = 0.022414106380740928
SCALING VERTICAL ELEMENT SIZE BASED ON DX and DY
	DZ = (dx + dy)/2 * 0.25 ~= 0.25
CALCULATING NUMBER OF VERTICAL LAYERS (interfaces)
	20 layers of 0.5km between 0km and 10km (10.0 km)
	1 layers of 1.0km between 10km and 11km (1.0 km)
	10 layers of 2.0km between 11km and 30km (20.0 km)
	5 layers of 4.0km between 30km and 50km (20.0 km)
	19 layers of 8.0km between 50km and 200.0km (152.0 km)
	NLAYERS = 5
	NELEMENTS_Z = 56
	NUM ELEM PER LAYER FROM BOTTOM = [19, 5, 10, 1, 21]
FORMATTING HORIZONTAL DOUBLING LAYERS (ndoublings)
	depth 30km is approx element 18 at depth 33.75km
	depth 18km is approx element 23 at depth 19.75km
	depth 6km is approx element 34 at depth 6.75km
	NDOUBLING LAYERS = [18, 23, 34]
FORMATTING NREGIONS AND NMATERIALS
	nregions = nmaterials = 4
	depth 25km is approx element 20 at depth 25.75km
	depth 15km is approx element 25 at depth 15.75km
	depth 5km is approx element 36 at depth 5.25km
	depth 0km is top of mesh 0km
	REGION STARTING ELEMENT = [56, 36, 25, 20]
MESH HAS THE APPROXIMATE FORM
	56/00; Z~=  0.00km
		Top of Mesh
		Interface (vertical x2)
		Region 1 begins
		dx=0.84, dy=0.98, dz=0.5
	55/01; Z~= -0.50km
	54/02; Z~= -1.00km
	53/03; Z~= -1.50km
	52/04; Z~= -2.00km
	51/05; Z~= -2.50km
	50/06; Z~= -3.00km
	49/07; Z~= -3.50km
	48/08; Z~= -4.00km
	47/09; Z~= -4.50km
	46/10; Z~= -5.00km
	45/11; Z~= -5.50km
	44/12; Z~= -6.00km
	43/13; Z~= -6.50km
	42/14; Z~= -7.00km
	41/15; Z~= -7.50km
	40/16; Z~= -8.00km
	39/17; Z~= -8.50km
	38/18; Z~= -9.00km
	37/19; Z~= -9.50km
	36/20; Z~=-10.00km
		Region 2 begins
		dx=0.84, dy=0.98, dz=0.5
	35/21; Z~=-10.50km
		Interface (vertical x2)
		dx=0.84, dy=0.98, dz=1.0
	34/22; Z~=-11.50km
		Interface (vertical x2)
		Doubling (horizontal doubling)
		dx=1.68, dy=1.96, dz=2.0
	33/23; Z~=-13.50km
	32/24; Z~=-15.50km
	31/25; Z~=-17.50km
	30/26; Z~=-19.50km
	29/27; Z~=-21.50km
	28/28; Z~=-23.50km
	27/29; Z~=-25.50km
	26/30; Z~=-27.50km
	25/31; Z~=-29.50km
		Region 3 begins
		dx=1.68, dy=1.96, dz=2.0
	24/32; Z~=-31.50km
		Interface (vertical x2)
		dx=1.68, dy=1.96, dz=4.0
	23/33; Z~=-35.50km
		Doubling (horizontal doubling)
		dx=3.36, dy=3.91, dz=4.0
	22/34; Z~=-39.50km
	21/35; Z~=-43.50km
	20/36; Z~=-47.50km
		Region 4 begins
		dx=3.36, dy=3.91, dz=4.0
	19/37; Z~=-51.50km
		Interface (vertical x2)
		dx=3.36, dy=3.91, dz=8.0
	18/38; Z~=-59.50km
		Doubling (horizontal doubling)
		dx=6.72, dy=7.82, dz=8.0
	17/39; Z~=-67.50km
	16/40; Z~=-75.50km
	15/41; Z~=-83.50km
	14/42; Z~=-91.50km
	13/43; Z~=-99.50km
	12/44; Z~=-107.50km
	11/45; Z~=-115.50km
	10/46; Z~=-123.50km
	09/47; Z~=-131.50km
	08/48; Z~=-139.50km
	07/49; Z~=-147.50km
	06/50; Z~=-155.50km
	05/51; Z~=-163.50km
	04/52; Z~=-171.50km
	03/53; Z~=-179.50km
	02/54; Z~=-187.50km
	01/55; Z~=-195.50km
WRITING Mesh_Par_file
WRITING interfaces.dat
WRITING INTERACE interface_topo.dat
WRITING INTERACE interface_1.dat
WRITING INTERACE interface_2.dat
WRITING INTERACE interface_3.dat
WRITING INTERACE interface_4.dat
APPROXIMATING TOTAL NUMBER OF ELEMENTS IN MESH
	APPRX_NUM_ELEM = 11646720
