PREPARING MESH FOR MESHFEM3D

{'tag': 'hackfish', 'dir_name': './created/hackfish/8sec', 'lat_min': -41.75, 'lat_max': -34.3, 'lon_min': 172.5, 'lon_max': -179.0, 'utm_projection': -60, 'mesh_depth_km': 400.0, 'mesh_top_km': -2.67, 'doubling_layers': [30, 50], 'interfaces': [10, 30], 'interface_fids': ['interface_10.dat', 'interface_20.dat'], 'regions': [8, 50], 'nproc': 160, 'grid_space_top_hv': [6, 1.0], 'shortest_period_s': 10, 'vs_min_km_per_s': 1.0, 'vp_max_km_per_s': 9.3, 'top_vertical_element_ratio': 1.0}

PARAMETERS FOR: hackfish
	tag: hackfish
	dir_name: ./created/hackfish/8sec
	lat_min: -41.75
	lat_max: -34.3
	lon_min: 172.5
	lon_max: -179.0
	utm_projection: -60
	mesh_depth_km: 400.0
	mesh_top_km: -2.67
	doubling_layers: [30, 50]
	interfaces: [10, 30]
	interface_fids: ['interface_10.dat', 'interface_20.dat']
	regions: [8, 50]
	nproc: 160
	grid_space_top_hv: [6, 1.0]
	shortest_period_s: 10
	vs_min_km_per_s: 1.0
	vp_max_km_per_s: 9.3
	top_vertical_element_ratio: 1.0
CALCULATING MINIMUM GRID SPACE AT TOP OF MESH
	Grid space XYZ given
	MIN GRID SPACE HORIZONTAL: 6
	MIN GRID SPACE VERTICAL: 1.0
CALCULATING NUMBER OF PROCESSORS
	short direction is x
	NPROC_X = 10
	NPROC_Y = 16
CALCULATING NUMBER OF ELEMENTS AT TOP OF MESH
	integer multiple found as c=2
	NEX_X = 160
	NEX_Y = 256
	!!! enforcing NEX_PER_PROC_XI == 2c * 2 ** ndoublings
		NEX_X: 160 -> 160
	!!! enforcing NEX_PER_PROC_ETA == 2c * 2 ** ndoublings
		NEX_Y: 256 -> 256
	DX = 4.6399km
	DY = 3.2388km
CALCULATING NUMBER OF VERTICAL TRIPLING LAYERS (interfaces)
	13 layers of 1.0km between -2.67km and 10km
	7 layers of 3.0km between 10km and 30km
	41 layers of 9.0km between 30km and 400.0km
	NLAYERS = 3
	NELEMENTS_Z = 62
	LAYER SIZE FROM BOTTOM = [41, 7, 14]
FORMATTING HORIZONTAL DOUBLING LAYERS (ndoublings)
	depth 50km is approx element 40 at depth 50.33km
	depth 30km is approx element 42 at depth 32.33km
	NDOUBLING LAYERS = [40, 42]
FORMATTING NREGIONS AND NMATERIALS
	nregions = nmaterials = 3
	depth 50km is approx element 40 at depth 50.33km
	depth 8km is approx element 52 at depth 8.33km
	depth -2.67km is top of mesh -2.67km
	REGION STARTING ELEMENT = [62, 52, 40]
MESH HAS THE APPROXIMATE FORM
	62/01; Z~= -2.67km
		Top of Mesh
		Region 1 begins
		dx=4.64, dy=3.24, dz=1.0
	61/02; Z~= -3.67km
	60/03; Z~= -4.67km
	59/04; Z~= -5.67km
	58/05; Z~= -6.67km
	57/06; Z~= -7.67km
	56/07; Z~= -8.67km
	55/08; Z~= -9.67km
	54/09; Z~=-10.67km
	53/10; Z~=-11.67km
	52/11; Z~=-12.67km
		Region 2 begins
		dx=4.64, dy=3.24, dz=1.0
	51/12; Z~=-13.67km
	50/13; Z~=-14.67km
	49/14; Z~=-15.67km
	48/15; Z~=-16.67km
		Interface (vertical tripling)
		dx=4.64, dy=3.24, dz=3.0
	47/16; Z~=-19.67km
	46/17; Z~=-22.67km
	45/18; Z~=-25.67km
	44/19; Z~=-28.67km
	43/20; Z~=-31.67km
	42/21; Z~=-34.67km
		Doubling (horizontal doubling)
		dx=9.28, dy=6.48, dz=3.0
	41/22; Z~=-37.67km
		Interface (vertical tripling)
		dx=9.28, dy=6.48, dz=9.0
	40/23; Z~=-46.67km
		Doubling (horizontal doubling)
		Region 3 begins
		dx=18.56, dy=12.96, dz=9.0
	39/24; Z~=-55.67km
	38/25; Z~=-64.67km
	37/26; Z~=-73.67km
	36/27; Z~=-82.67km
	35/28; Z~=-91.67km
	34/29; Z~=-100.67km
	33/30; Z~=-109.67km
	32/31; Z~=-118.67km
	31/32; Z~=-127.67km
	30/33; Z~=-136.67km
	29/34; Z~=-145.67km
	28/35; Z~=-154.67km
	27/36; Z~=-163.67km
	26/37; Z~=-172.67km
	25/38; Z~=-181.67km
	24/39; Z~=-190.67km
	23/40; Z~=-199.67km
	22/41; Z~=-208.67km
	21/42; Z~=-217.67km
	20/43; Z~=-226.67km
	19/44; Z~=-235.67km
	18/45; Z~=-244.67km
	17/46; Z~=-253.67km
	16/47; Z~=-262.67km
	15/48; Z~=-271.67km
	14/49; Z~=-280.67km
	13/50; Z~=-289.67km
	12/51; Z~=-298.67km
	11/52; Z~=-307.67km
	10/53; Z~=-316.67km
	09/54; Z~=-325.67km
	08/55; Z~=-334.67km
	07/56; Z~=-343.67km
	06/57; Z~=-352.67km
	05/58; Z~=-361.67km
	04/59; Z~=-370.67km
	03/60; Z~=-379.67km
	02/61; Z~=-388.67km
	01/62; Z~=-397.67km
WRITING Mesh_Par_file
WRITING interfaces.dat
WRITING INTERACE interface_10.dat
WRITING INTERACE interface_20.dat
APPROXIMATING TOTAL NUMBER OF ELEMENTS IN MESH
	APPRX_NUM_ELEM = 980480
