PREPARING MESH FOR MESHFEM3D

{'tag': 'nk_midres', 'dir_name': './created/nk_midres', 'lat_min': 40.5, 'lat_max': 45.5, 'lon_min': 126.0, 'lon_max': 134.0, 'utm_projection': 52, 'suppress_utm_proj': False, 'mesh_depth_km': 200.0, 'mesh_top_km': 0, 'doubling_layers': [6, 18, 30], 'interfaces': [0, 10, 30, 50], 'interface_increase': [2, 2, 2, 2], 'interface_fids': ['interface_topo.dat', 'interface_1.dat', 'interface_2.dat', 'interface_3.dat'], 'regions': [5], 'materials': [[4400, 7500, 4500, 9999, 1001], [6500, 8500, 4500, 9999, 1000]], 'nproc': 4, 'grid_space_top_hv': [2, 2], 'shortest_period_s': 1.0, 'vs_min_km_per_s': 1.5, 'vp_max_km_per_s': 8.8, 'points_per_wl': 5, 'top_vertical_element_ratio': 0.5}

PARAMETERS FOR: nk_midres
	tag: nk_midres
	dir_name: ./created/nk_midres
	lat_min: 40.5
	lat_max: 45.5
	lon_min: 126.0
	lon_max: 134.0
	utm_projection: 52
	suppress_utm_proj: False
	mesh_depth_km: 200.0
	mesh_top_km: 0
	doubling_layers: [6, 18, 30]
	interfaces: [0, 10, 30, 50]
	interface_increase: [2, 2, 2, 2]
	interface_fids: ['interface_topo.dat', 'interface_1.dat', 'interface_2.dat', 'interface_3.dat']
	regions: [5]
	materials: [[4400, 7500, 4500, 9999, 1001], [6500, 8500, 4500, 9999, 1000]]
	nproc: 4
	grid_space_top_hv: [2, 2]
	shortest_period_s: 1.0
	vs_min_km_per_s: 1.5
	vp_max_km_per_s: 8.8
	points_per_wl: 5
	top_vertical_element_ratio: 0.5
CALCULATING MINIMUM GRID SPACE AT TOP OF MESH
	Grid space XYZ given
	MIN GRID SPACE HORIZONTAL: 2
	MIN GRID SPACE VERTICAL: 2
CALCULATING NUMBER OF PROCESSORS
	x-axis length = 644.8455351677607
	y-axis length = 563.0894747246932
	short direction is 'y'
	NPROC_X = 2
	NPROC_Y = 2
CALCULATING NUMBER OF ELEMENTS AT TOP OF MESH
	integer multiple found as c=37
	NEX_X = 576
	NEX_Y = 576
	!!! enforcing NEX_PER_PROC_XI == 2c * 2 ** ndoublings
		NEX_X: 576 -> 576
	!!! enforcing NEX_PER_PROC_ETA == 2c * 2 ** ndoublings
		NEX_Y: 576 -> 576
	DX = 1.1195km
	DY = 0.9776km
	Note: if values below too large, adjust 'shortest_period_s'
	Note: if values below too small, check  'suppress_utm_proj'
	GRID_SPACE_H - DX = 0.8804765014448599
	GRID_SPACE_H - DY = 1.022414106380741
SCALING VERTICAL ELEMENT SIZE BASED ON DX and DY
	DZ = (dx + dy)/2 * 0.5 ~= 0.5
CALCULATING NUMBER OF VERTICAL LAYERS (interfaces)
	10 layers of 1.0km between 0km and 10km (10.0 km)
	10 layers of 2.0km between 10km and 30km (20.0 km)
	5 layers of 4.0km between 30km and 50km (20.0 km)
	19 layers of 8.0km between 50km and 200.0km (152.0 km)
	NLAYERS = 4
	NELEMENTS_Z = 44
	NUM ELEM PER LAYER FROM BOTTOM = [19, 5, 10, 10]
FORMATTING HORIZONTAL DOUBLING LAYERS (ndoublings)
	depth 30km is approx element 18 at depth 33.00km
	depth 18km is approx element 23 at depth 19.00km
	depth 6km is approx element 33 at depth 7.00km
	NDOUBLING LAYERS = [18, 23, 33]
FORMATTING NREGIONS AND NMATERIALS
	nregions = nmaterials = 2
	depth 5km is approx element 34 at depth 6.00km
	depth 0km is top of mesh 0km
	REGION STARTING ELEMENT = [44, 34]
MESH HAS THE APPROXIMATE FORM
	44/00; Z~=  0.00km
		Top of Mesh
		Interface (vertical x2)
		Region 1 begins
		dx=1.12, dy=0.98, dz=1.0
	43/01; Z~= -1.00km
	42/02; Z~= -2.00km
	41/03; Z~= -3.00km
	40/04; Z~= -4.00km
	39/05; Z~= -5.00km
	38/06; Z~= -6.00km
	37/07; Z~= -7.00km
	36/08; Z~= -8.00km
	35/09; Z~= -9.00km
	34/10; Z~=-10.00km
		Interface (vertical x2)
		Region 2 begins
		dx=1.12, dy=0.98, dz=2.0
	33/11; Z~=-12.00km
		Doubling (horizontal doubling)
		dx=2.24, dy=1.96, dz=2.0
	32/12; Z~=-14.00km
	31/13; Z~=-16.00km
	30/14; Z~=-18.00km
	29/15; Z~=-20.00km
	28/16; Z~=-22.00km
	27/17; Z~=-24.00km
	26/18; Z~=-26.00km
	25/19; Z~=-28.00km
	24/20; Z~=-30.00km
		Interface (vertical x2)
		dx=2.24, dy=1.96, dz=4.0
	23/21; Z~=-34.00km
		Doubling (horizontal doubling)
		dx=4.48, dy=3.91, dz=4.0
	22/22; Z~=-38.00km
	21/23; Z~=-42.00km
	20/24; Z~=-46.00km
	19/25; Z~=-50.00km
		Interface (vertical x2)
		dx=4.48, dy=3.91, dz=8.0
	18/26; Z~=-58.00km
		Doubling (horizontal doubling)
		dx=8.96, dy=7.82, dz=8.0
	17/27; Z~=-66.00km
	16/28; Z~=-74.00km
	15/29; Z~=-82.00km
	14/30; Z~=-90.00km
	13/31; Z~=-98.00km
	12/32; Z~=-106.00km
	11/33; Z~=-114.00km
	10/34; Z~=-122.00km
	09/35; Z~=-130.00km
	08/36; Z~=-138.00km
	07/37; Z~=-146.00km
	06/38; Z~=-154.00km
	05/39; Z~=-162.00km
	04/40; Z~=-170.00km
	03/41; Z~=-178.00km
	02/42; Z~=-186.00km
	01/43; Z~=-194.00km
WRITING Mesh_Par_file
WRITING interfaces.dat
WRITING INTERACE interface_topo.dat
WRITING INTERACE interface_1.dat
WRITING INTERACE interface_2.dat
WRITING INTERACE interface_3.dat
APPROXIMATING TOTAL NUMBER OF ELEMENTS IN MESH
	APPRX_NUM_ELEM = 5002560
