PREPARING MESH FOR MESHFEM3D

{'dir_name': './created/NKINCN/NKINCN_simple', 'lat_min': 37.1035, 'lat_max': 41.9037, 'lon_min': 126.6244, 'lon_max': 129.9697, 'utm_projection': 52, 'suppress_utm_proj': False, 'mesh_depth_km': 100.0, 'mesh_top_km': 0, 'doubling_layers': [3, 11, 32], 'interfaces': [0, 2.5, 10, 30], 'interface_increase': [1, 2, 2, 2], 'interface_fids': ['interface_topo.dat', 'interface_1.dat', 'interface_2.dat', 'interface_3.dat'], 'regions': [11, 32], 'materials': [[4400, 7500, 4500, 9999, 1001], [6500, 8500, 4500, 9999, 1000], [6500, 8500, 4500, 9999, 1000]], 'nproc': 32, 'grid_space_top_hv': [0.75, 0.75], 'shortest_period_s': 3, 'vs_min_km_per_s': 1.5, 'vp_max_km_per_s': 8.8, 'points_per_wl': 5, 'top_vertical_element_ratio': 1, 'tag': 'NKINCN_simple'}

PARAMETERS FOR: NKINCN_simple
	dir_name: ./created/NKINCN/NKINCN_simple
	lat_min: 37.1035
	lat_max: 41.9037
	lon_min: 126.6244
	lon_max: 129.9697
	utm_projection: 52
	suppress_utm_proj: False
	mesh_depth_km: 100.0
	mesh_top_km: 0
	doubling_layers: [3, 11, 32]
	interfaces: [0, 2.5, 10, 30]
	interface_increase: [1, 2, 2, 2]
	interface_fids: ['interface_topo.dat', 'interface_1.dat', 'interface_2.dat', 'interface_3.dat']
	regions: [11, 32]
	materials: [[4400, 7500, 4500, 9999, 1001], [6500, 8500, 4500, 9999, 1000], [6500, 8500, 4500, 9999, 1000]]
	nproc: 32
	grid_space_top_hv: [0.75, 0.75]
	shortest_period_s: 3
	vs_min_km_per_s: 1.5
	vp_max_km_per_s: 8.8
	points_per_wl: 5
	top_vertical_element_ratio: 1
	tag: NKINCN_simple
CALCULATING MINIMUM GRID SPACE AT TOP OF MESH
	Grid space XYZ given
	MIN GRID SPACE HORIZONTAL: 0.75
	MIN GRID SPACE VERTICAL: 0.75
CALCULATING NUMBER OF PROCESSORS
	x-axis length = 291.5309590111168
	y-axis length = 530.5438388531544
	short direction is 'x'
	NPROC_X = 4
	NPROC_Y = 8
CALCULATING NUMBER OF ELEMENTS AT TOP OF MESH
	integer multiple found as c=2
	NEX_X = 416
	NEX_Y = 768
	!!! enforcing NEX_PER_PROC_XI == 2c * 2 ** ndoublings
		NEX_X: 416 -> 448
	!!! enforcing NEX_PER_PROC_ETA == 2c * 2 ** ndoublings
		NEX_Y: 768 -> 768
	DX = 0.6507km
	DY = 0.6908km
	Note: if values below too large, adjust 'shortest_period_s'
	Note: if values below too small, check  'suppress_utm_proj'
	GRID_SPACE_H - DX = 0.09926125220732851
	GRID_SPACE_H - DY = 0.059187709826621915
SCALING VERTICAL ELEMENT SIZE BASED ON DX and DY
	DZ = (dx + dy)/2 * 1 ~= 0.75
CALCULATING NUMBER OF VERTICAL LAYERS (interfaces)
	3 layers of 0.75km between 0km and 2.5km (2.25 km)
	5 layers of 1.5km between 2.5km and 10km (7.5 km)
	7 layers of 3.0km between 10km and 30km (21.0 km)
	12 layers of 6.0km between 30km and 100.0km (72.0 km)
	NLAYERS = 4
	NELEMENTS_Z = 28
	NUM ELEM PER LAYER FROM BOTTOM = [12, 7, 5, 4]
FORMATTING HORIZONTAL DOUBLING LAYERS (ndoublings)
	depth 32km is approx element 12 at depth 37.50km
	depth 11km is approx element 19 at depth 13.50km
	depth 3km is approx element 24 at depth 4.50km
	NDOUBLING LAYERS = [12, 19, 24]
FORMATTING NREGIONS AND NMATERIALS
	nregions = nmaterials = 3
	depth 32km is approx element 12 at depth 37.50km
	depth 11km is approx element 19 at depth 13.50km
	depth 0km is top of mesh 0km
	REGION STARTING ELEMENT = [28, 19, 12]
MESH HAS THE APPROXIMATE FORM
	28/00; Z~=  0.00km
		Top of Mesh
		Interface (vertical x1)
		Region 1 begins
		dx=0.65, dy=0.69, dz=0.75
	27/01; Z~= -0.75km
	26/02; Z~= -1.50km
	25/03; Z~= -2.25km
	24/04; Z~= -3.00km
		Interface (vertical x2)
		Doubling (horizontal doubling)
		dx=1.30, dy=1.38, dz=1.5
	23/05; Z~= -4.50km
	22/06; Z~= -6.00km
	21/07; Z~= -7.50km
	20/08; Z~= -9.00km
	19/09; Z~=-10.50km
		Interface (vertical x2)
		Doubling (horizontal doubling)
		Region 2 begins
		dx=2.60, dy=2.76, dz=3.0
	18/10; Z~=-13.50km
	17/11; Z~=-16.50km
	16/12; Z~=-19.50km
	15/13; Z~=-22.50km
	14/14; Z~=-25.50km
	13/15; Z~=-28.50km
	12/16; Z~=-31.50km
		Interface (vertical x2)
		Doubling (horizontal doubling)
		Region 3 begins
		dx=5.21, dy=5.53, dz=6.0
	11/17; Z~=-37.50km
	10/18; Z~=-43.50km
	09/19; Z~=-49.50km
	08/20; Z~=-55.50km
	07/21; Z~=-61.50km
	06/22; Z~=-67.50km
	05/23; Z~=-73.50km
	04/24; Z~=-79.50km
	03/25; Z~=-85.50km
	02/26; Z~=-91.50km
	01/27; Z~=-97.50km
WRITING Mesh_Par_file
WRITING interfaces.dat
WRITING INTERACE interface_topo.dat
WRITING INTERACE interface_1.dat
WRITING INTERACE interface_2.dat
WRITING INTERACE interface_3.dat
APPROXIMATING TOTAL NUMBER OF ELEMENTS IN MESH
	APPRX_NUM_ELEM = 2360064
