PREPARING MESH FOR MESHFEM3D

{'tag': 'cube2sph_nznorth_ext', 'dir_name': './created/cube2sph/nznorth_ext_trial3', 'lat_min': -405861.5, 'lat_max': 405861.5, 'lon_min': -361383.5, 'lon_max': 361383.05, 'utm_projection': -99, 'suppress_utm_proj': True, 'mesh_depth_km': 400.0, 'mesh_top_km': -2.67, 'doubling_layers': [60, 120], 'interfaces': [24.4, 40, 80, 220], 'interface_fids': ['interface_24p4.dat', 'interface_40.dat', 'interface_80.dat', 'interface_220.dat'], 'interface_increase': [1, 2, 2, 2], 'regions': [8, 50], 'nproc': 40, 'topo': 'nznorth_ext', 'grid_space_top_hv': [8, 4], 'shortest_period_s': 12, 'vs_min_km_per_s': 1.0, 'vp_max_km_per_s': 9.3, 'top_vertical_element_ratio': 1.0}

PARAMETERS FOR: cube2sph_nznorth_ext
	tag: cube2sph_nznorth_ext
	dir_name: ./created/cube2sph/nznorth_ext_trial3
	lat_min: -405861.5
	lat_max: 405861.5
	lon_min: -361383.5
	lon_max: 361383.05
	utm_projection: -99
	suppress_utm_proj: True
	mesh_depth_km: 400.0
	mesh_top_km: -2.67
	doubling_layers: [60, 120]
	interfaces: [24.4, 40, 80, 220]
	interface_fids: ['interface_24p4.dat', 'interface_40.dat', 'interface_80.dat', 'interface_220.dat']
	interface_increase: [1, 2, 2, 2]
	regions: [8, 50]
	nproc: 40
	topo: nznorth_ext
	grid_space_top_hv: [8, 4]
	shortest_period_s: 12
	vs_min_km_per_s: 1.0
	vp_max_km_per_s: 9.3
	top_vertical_element_ratio: 1.0
CALCULATING MINIMUM GRID SPACE AT TOP OF MESH
	Grid space XYZ given
	MIN GRID SPACE HORIZONTAL: 8
	MIN GRID SPACE VERTICAL: 4
CALCULATING NUMBER OF PROCESSORS
	short direction is x
	NPROC_X = 5
	NPROC_Y = 8
CALCULATING NUMBER OF ELEMENTS AT TOP OF MESH
	integer multiple found as c=2
	NEX_X = 120
	NEX_Y = 128
	!!! enforcing NEX_PER_PROC_XI == 2c * 2 ** ndoublings
		NEX_X: 120 -> 120
	!!! enforcing NEX_PER_PROC_ETA == 2c * 2 ** ndoublings
		NEX_Y: 128 -> 128
	DX = 6.0231km
	DY = 6.3416km
CALCULATING NUMBER OF VERTICAL LAYERS (interfaces)
	7 layers of 4km between -2.67km and 24.4km
	4 layers of 4km between 24.4km and 40km
	5 layers of 8km between 40km and 80km
	9 layers of 16km between 80km and 220km
	6 layers of 32km between 220km and 400.0km
	NLAYERS = 5
	NELEMENTS_Z = 32
	LAYER SIZE FROM BOTTOM = [6, 9, 5, 4, 8]
FORMATTING HORIZONTAL DOUBLING LAYERS (ndoublings)
	depth 120km is approx element 17 at depth 125.33km
	depth 60km is approx element 21 at depth 61.33km
	NDOUBLING LAYERS = [17, 21]
FORMATTING NREGIONS AND NMATERIALS
	nregions = nmaterials = 3
	depth 50km is approx element 22 at depth 53.33km
	depth 8km is approx element 30 at depth 9.33km
	depth -2.67km is top of mesh -2.67km
	REGION STARTING ELEMENT = [32, 30, 22]
MESH HAS THE APPROXIMATE FORM
	32/01; Z~= -2.67km
		Top of Mesh
		Region 1 begins
		dx=6.02, dy=6.34, dz=4
	31/02; Z~= -6.67km
	30/03; Z~=-10.67km
		Region 2 begins
		dx=6.02, dy=6.34, dz=4
	29/04; Z~=-14.67km
	28/05; Z~=-18.67km
	27/06; Z~=-22.67km
	26/07; Z~=-26.67km
	25/08; Z~=-30.67km
	24/09; Z~=-34.67km
		Interface (vertical x1)
		dx=6.02, dy=6.34, dz=4
	23/10; Z~=-38.67km
	22/11; Z~=-42.67km
		Region 3 begins
		dx=6.02, dy=6.34, dz=4
	21/12; Z~=-46.67km
		Doubling (horizontal doubling)
		dx=12.05, dy=12.68, dz=4
	20/13; Z~=-50.67km
		Interface (vertical x2)
		dx=12.05, dy=12.68, dz=8
	19/14; Z~=-58.67km
	18/15; Z~=-66.67km
	17/16; Z~=-74.67km
		Doubling (horizontal doubling)
		dx=24.09, dy=25.37, dz=8
	16/17; Z~=-82.67km
	15/18; Z~=-90.67km
		Interface (vertical x2)
		dx=24.09, dy=25.37, dz=16
	14/19; Z~=-106.67km
	13/20; Z~=-122.67km
	12/21; Z~=-138.67km
	11/22; Z~=-154.67km
	10/23; Z~=-170.67km
	09/24; Z~=-186.67km
	08/25; Z~=-202.67km
	07/26; Z~=-218.67km
	06/27; Z~=-234.67km
		Interface (vertical x2)
		dx=24.09, dy=25.37, dz=32
	05/28; Z~=-266.67km
	04/29; Z~=-298.67km
	03/30; Z~=-330.67km
	02/31; Z~=-362.67km
	01/32; Z~=-394.67km
WRITING Mesh_Par_file
WRITING interfaces.dat
	setting topography to 'nznorth_ext', points to 'interface_topo.dat'
WRITING INTERACE interface_24p4.dat
WRITING INTERACE interface_40.dat
WRITING INTERACE interface_80.dat
WRITING INTERACE interface_220.dat
APPROXIMATING TOTAL NUMBER OF ELEMENTS IN MESH
	APPRX_NUM_ELEM = 215040
