PREPARING MESH FOR MESHFEM3D

{'tag': 'hackfish', 'dir_name': './created/hackfish/2second', 'lat_min': -41.75, 'lat_max': -34.3, 'lon_min': 172.5, 'lon_max': -179.0, 'utm_projection': -60, 'mesh_depth_km': 400.0, 'mesh_top_km': -2.67, 'doubling_layers': [16, 68], 'interfaces': [8, 48], 'interface_fids': ['shallow_to_crust.dat', 'crust_to_mantle.dat'], 'regions': [8, 50], 'nproc': 160, 'grid_space_top_hv': [4, 1.5], 'shortest_period_s': 2.5, 'vs_min_km_per_s': 1.0, 'vp_max_km_per_s': 9.3, 'top_vertical_element_ratio': 1.0}

PARAMETERS FOR: hackfish
	tag: hackfish
	dir_name: ./created/hackfish/2second
	lat_min: -41.75
	lat_max: -34.3
	lon_min: 172.5
	lon_max: -179.0
	utm_projection: -60
	mesh_depth_km: 400.0
	mesh_top_km: -2.67
	doubling_layers: [16, 68]
	interfaces: [8, 48]
	interface_fids: ['shallow_to_crust.dat', 'crust_to_mantle.dat']
	regions: [8, 50]
	nproc: 160
	grid_space_top_hv: [4, 1.5]
	shortest_period_s: 2.5
	vs_min_km_per_s: 1.0
	vp_max_km_per_s: 9.3
	top_vertical_element_ratio: 1.0
CALCULATING MINIMUM GRID SPACE AT TOP OF MESH
	Grid space XYZ given
	MIN GRID SPACE HORIZONTAL: 4
	MIN GRID SPACE VERTICAL: 1.5
CALCULATING NUMBER OF PROCESSORS
	short direction is x
	NPROC_X = 10
	NPROC_Y = 16
CALCULATING NUMBER OF ELEMENTS AT TOP OF MESH
	integer multiple found as c=2
	NEX_X = 240
	NEX_Y = 256
	!!! enforcing NEX_PER_PROC_XI == 2c * 2 ** ndoublings
		NEX_X: 240 -> 240
	!!! enforcing NEX_PER_PROC_ETA == 2c * 2 ** ndoublings
		NEX_Y: 256 -> 256
	DX = 3.0932km
	DY = 3.2388km
CALCULATING NUMBER OF VERTICAL TRIPLING LAYERS (interfaces)
	7 layers of 1.5km between -2.67km and 8km
	9 layers of 4.5km between 8km and 48km
	26 layers of 13.5km between 48km and 400.0km
	NLAYERS = 3
	NELEMENTS_Z = 42
	LAYER SIZE FROM BOTTOM = [26, 9, 7]
FORMATTING HORIZONTAL DOUBLING LAYERS (ndoublings)
	depth 68km is approx element 25 at depth 75.33km
	depth 16km is approx element 34 at depth 16.83km
	NDOUBLING LAYERS = [25, 34]
FORMATTING NREGIONS AND NMATERIALS
	nregions = nmaterials = 3
	depth 50km is approx element 26 at depth 61.83km
	depth 8km is approx element 35 at depth 12.33km
	depth -2.67km is top of mesh -2.67km
	REGION STARTING ELEMENT = [42, 35, 26]
MESH HAS THE APPROXIMATE FORM
	42/01; Z~= -2.67km
		Top of Mesh
		Region 1 begins
		dx=3.09, dy=3.24, dz=1.5
	41/02; Z~= -4.17km
	40/03; Z~= -5.67km
	39/04; Z~= -7.17km
	38/05; Z~= -8.67km
	37/06; Z~=-10.17km
	36/07; Z~=-11.67km
	35/08; Z~=-13.17km
		Interface (vertical tripling)
		Region 2 begins
		dx=3.09, dy=3.24, dz=4.5
	34/09; Z~=-17.67km
		Doubling (horizontal doubling)
		dx=6.19, dy=6.48, dz=4.5
	33/10; Z~=-22.17km
	32/11; Z~=-26.67km
	31/12; Z~=-31.17km
	30/13; Z~=-35.67km
	29/14; Z~=-40.17km
	28/15; Z~=-44.67km
	27/16; Z~=-49.17km
	26/17; Z~=-53.67km
		Interface (vertical tripling)
		Region 3 begins
		dx=6.19, dy=6.48, dz=13.5
	25/18; Z~=-67.17km
		Doubling (horizontal doubling)
		dx=12.37, dy=12.96, dz=13.5
	24/19; Z~=-80.67km
	23/20; Z~=-94.17km
	22/21; Z~=-107.67km
	21/22; Z~=-121.17km
	20/23; Z~=-134.67km
	19/24; Z~=-148.17km
	18/25; Z~=-161.67km
	17/26; Z~=-175.17km
	16/27; Z~=-188.67km
	15/28; Z~=-202.17km
	14/29; Z~=-215.67km
	13/30; Z~=-229.17km
	12/31; Z~=-242.67km
	11/32; Z~=-256.17km
	10/33; Z~=-269.67km
	09/34; Z~=-283.17km
	08/35; Z~=-296.67km
	07/36; Z~=-310.17km
	06/37; Z~=-323.67km
	05/38; Z~=-337.17km
	04/39; Z~=-350.67km
	03/40; Z~=-364.17km
	02/41; Z~=-377.67km
	01/42; Z~=-391.17km
WRITING Mesh_Par_file
WRITING interfaces.dat
WRITING INTERACE shallow_to_crust.dat
WRITING INTERACE crust_to_mantle.dat
APPROXIMATING TOTAL NUMBER OF ELEMENTS IN MESH
	APPRX_NUM_ELEM = 783360
