PREPARING MESH FOR MESHFEM3D

{'tag': 'hackfish', 'dir_name': './created/hackfish/8sec', 'lat_min': -41.65, 'lat_max': -34.3, 'lon_min': 172.5, 'lon_max': -179.0, 'utm_projection': -60, 'mesh_depth_km': 400.0, 'mesh_top_km': -2.67, 'doubling_layers': [30, 70], 'interfaces': [30], 'interface_fids': ['interface_30.dat'], 'regions': [8, 50], 'nproc': 120, 'grid_space_top_hv': [6, 3.0], 'shortest_period_s': 10, 'vs_min_km_per_s': 1.0, 'vp_max_km_per_s': 9.3, 'top_vertical_element_ratio': 1.0}

PARAMETERS FOR: hackfish
	tag: hackfish
	dir_name: ./created/hackfish/8sec
	lat_min: -41.65
	lat_max: -34.3
	lon_min: 172.5
	lon_max: -179.0
	utm_projection: -60
	mesh_depth_km: 400.0
	mesh_top_km: -2.67
	doubling_layers: [30, 70]
	interfaces: [30]
	interface_fids: ['interface_30.dat']
	regions: [8, 50]
	nproc: 120
	grid_space_top_hv: [6, 3.0]
	shortest_period_s: 10
	vs_min_km_per_s: 1.0
	vp_max_km_per_s: 9.3
	top_vertical_element_ratio: 1.0
CALCULATING MINIMUM GRID SPACE AT TOP OF MESH
	Grid space XYZ given
	MIN GRID SPACE HORIZONTAL: 6
	MIN GRID SPACE VERTICAL: 3.0
CALCULATING NUMBER OF PROCESSORS
	short direction is x
	NPROC_X = 10
	NPROC_Y = 12
CALCULATING NUMBER OF ELEMENTS AT TOP OF MESH
	integer multiple found as c=2
	NEX_X = 160
	NEX_Y = 192
	!!! enforcing NEX_PER_PROC_XI == 2c * 2 ** ndoublings
		NEX_X: 160 -> 160
	!!! enforcing NEX_PER_PROC_ETA == 2c * 2 ** ndoublings
		NEX_Y: 192 -> 192
	DX = 4.6435km
	DY = 4.2606km
CALCULATING NUMBER OF VERTICAL TRIPLING LAYERS (interfaces)
	11 layers of 3.0km between -2.67km and 30km
	41 layers of 9.0km between 30km and 400.0km
	NLAYERS = 2
	NELEMENTS_Z = 52
	LAYER SIZE FROM BOTTOM = [41, 11]
FORMATTING HORIZONTAL DOUBLING LAYERS (ndoublings)
	depth 70km is approx element 37 at depth 75.33km
	depth 30km is approx element 42 at depth 30.33km
	NDOUBLING LAYERS = [37, 42]
FORMATTING NREGIONS AND NMATERIALS
	nregions = nmaterials = 3
	depth 50km is approx element 39 at depth 57.33km
	depth 8km is approx element 49 at depth 9.33km
	depth -2.67km is top of mesh -2.67km
	REGION STARTING ELEMENT = [52, 49, 39]
MESH HAS THE APPROXIMATE FORM
	52/01; Z~= -2.67km
		Top of Mesh
		Region 1 begins
		dx=4.64, dy=4.26, dz=3.0
	51/02; Z~= -5.67km
	50/03; Z~= -8.67km
	49/04; Z~=-11.67km
		Region 2 begins
		dx=4.64, dy=4.26, dz=3.0
	48/05; Z~=-14.67km
	47/06; Z~=-17.67km
	46/07; Z~=-20.67km
	45/08; Z~=-23.67km
	44/09; Z~=-26.67km
	43/10; Z~=-29.67km
	42/11; Z~=-32.67km
		Doubling (horizontal doubling)
		dx=9.29, dy=8.52, dz=3.0
	41/12; Z~=-35.67km
		Interface (vertical tripling)
		dx=9.29, dy=8.52, dz=9.0
	40/13; Z~=-44.67km
	39/14; Z~=-53.67km
		Region 3 begins
		dx=9.29, dy=8.52, dz=9.0
	38/15; Z~=-62.67km
	37/16; Z~=-71.67km
		Doubling (horizontal doubling)
		dx=18.57, dy=17.04, dz=9.0
	36/17; Z~=-80.67km
	35/18; Z~=-89.67km
	34/19; Z~=-98.67km
	33/20; Z~=-107.67km
	32/21; Z~=-116.67km
	31/22; Z~=-125.67km
	30/23; Z~=-134.67km
	29/24; Z~=-143.67km
	28/25; Z~=-152.67km
	27/26; Z~=-161.67km
	26/27; Z~=-170.67km
	25/28; Z~=-179.67km
	24/29; Z~=-188.67km
	23/30; Z~=-197.67km
	22/31; Z~=-206.67km
	21/32; Z~=-215.67km
	20/33; Z~=-224.67km
	19/34; Z~=-233.67km
	18/35; Z~=-242.67km
	17/36; Z~=-251.67km
	16/37; Z~=-260.67km
	15/38; Z~=-269.67km
	14/39; Z~=-278.67km
	13/40; Z~=-287.67km
	12/41; Z~=-296.67km
	11/42; Z~=-305.67km
	10/43; Z~=-314.67km
	09/44; Z~=-323.67km
	08/45; Z~=-332.67km
	07/46; Z~=-341.67km
	06/47; Z~=-350.67km
	05/48; Z~=-359.67km
	04/49; Z~=-368.67km
	03/50; Z~=-377.67km
	02/51; Z~=-386.67km
	01/52; Z~=-395.67km
WRITING Mesh_Par_file
WRITING interfaces.dat
WRITING INTERACE interface_30.dat
APPROXIMATING TOTAL NUMBER OF ELEMENTS IN MESH
	APPRX_NUM_ELEM = 445440
