PREPARING MESH FOR MESHFEM3D

{'tag': 'south_island', 'dir_name': './created/south_island', 'lat_min': -47.5, 'lat_max': -40.0, 'lon_min': 165.0, 'lon_max': 176.0, 'utm_projection': -60, 'mesh_depth_km': 400.0, 'mesh_top_km': -2.67, 'doubling_layers': [50, 70], 'interfaces': [48, 65], 'interface_fids': ['interface_1.dat', 'interface_2.dat'], 'interface_increase': 2, 'regions': [8, 50], 'nproc': 40, 'topo': 'nzsouth', 'grid_space_top_hv': [12, 4], 'shortest_period_s': 12.0, 'vs_min_km_per_s': 1.2, 'vp_max_km_per_s': 9.3, 'top_vertical_element_ratio': 1.0}

PARAMETERS FOR: south_island
	tag: south_island
	dir_name: ./created/south_island
	lat_min: -47.5
	lat_max: -40.0
	lon_min: 165.0
	lon_max: 176.0
	utm_projection: -60
	mesh_depth_km: 400.0
	mesh_top_km: -2.67
	doubling_layers: [50, 70]
	interfaces: [48, 65]
	interface_fids: ['interface_1.dat', 'interface_2.dat']
	interface_increase: 2
	regions: [8, 50]
	nproc: 40
	topo: nzsouth
	grid_space_top_hv: [12, 4]
	shortest_period_s: 12.0
	vs_min_km_per_s: 1.2
	vp_max_km_per_s: 9.3
	top_vertical_element_ratio: 1.0
CALCULATING MINIMUM GRID SPACE AT TOP OF MESH
	Grid space XYZ given
	MIN GRID SPACE HORIZONTAL: 12
	MIN GRID SPACE VERTICAL: 4
CALCULATING NUMBER OF PROCESSORS
	short direction is x
	NPROC_X = 5
	NPROC_Y = 8
CALCULATING NUMBER OF ELEMENTS AT TOP OF MESH
	integer multiple found as c=2
	NEX_X = 80
	NEX_Y = 128
	!!! enforcing NEX_PER_PROC_XI == 2c * 2 ** ndoublings
		NEX_X: 80 -> 80
	!!! enforcing NEX_PER_PROC_ETA == 2c * 2 ** ndoublings
		NEX_Y: 128 -> 128
	DX = 10.2223km
	DY = 7.0525km
CALCULATING NUMBER OF VERTICAL TRIPLING LAYERS (interfaces)
	13 layers of 4km between -2.67km and 48km
	2 layers of 8km between 48km and 65km
	21 layers of 16km between 65km and 400.0km
	NLAYERS = 3
	NELEMENTS_Z = 36
	LAYER SIZE FROM BOTTOM = [21, 2, 13]
FORMATTING HORIZONTAL DOUBLING LAYERS (ndoublings)
	depth 70km is approx element 21 at depth 81.33km
	depth 50km is approx element 23 at depth 57.33km
	NDOUBLING LAYERS = [21, 23]
FORMATTING NREGIONS AND NMATERIALS
	nregions = nmaterials = 3
	depth 50km is approx element 23 at depth 57.33km
	depth 8km is approx element 34 at depth 9.33km
	depth -2.67km is top of mesh -2.67km
	REGION STARTING ELEMENT = [36, 34, 23]
MESH HAS THE APPROXIMATE FORM
	36/01; Z~= -2.67km
		Top of Mesh
		Region 1 begins
		dx=10.22, dy=7.05, dz=4
	35/02; Z~= -6.67km
	34/03; Z~=-10.67km
		Region 2 begins
		dx=10.22, dy=7.05, dz=4
	33/04; Z~=-14.67km
	32/05; Z~=-18.67km
	31/06; Z~=-22.67km
	30/07; Z~=-26.67km
	29/08; Z~=-30.67km
	28/09; Z~=-34.67km
	27/10; Z~=-38.67km
	26/11; Z~=-42.67km
	25/12; Z~=-46.67km
	24/13; Z~=-50.67km
	23/14; Z~=-54.67km
		Interface (vertical x2)
		Doubling (horizontal doubling)
		Region 3 begins
		dx=20.44, dy=14.10, dz=8
	22/15; Z~=-62.67km
	21/16; Z~=-70.67km
		Interface (vertical x2)
		Doubling (horizontal doubling)
		dx=40.89, dy=28.21, dz=16
	20/17; Z~=-86.67km
	19/18; Z~=-102.67km
	18/19; Z~=-118.67km
	17/20; Z~=-134.67km
	16/21; Z~=-150.67km
	15/22; Z~=-166.67km
	14/23; Z~=-182.67km
	13/24; Z~=-198.67km
	12/25; Z~=-214.67km
	11/26; Z~=-230.67km
	10/27; Z~=-246.67km
	09/28; Z~=-262.67km
	08/29; Z~=-278.67km
	07/30; Z~=-294.67km
	06/31; Z~=-310.67km
	05/32; Z~=-326.67km
	04/33; Z~=-342.67km
	03/34; Z~=-358.67km
	02/35; Z~=-374.67km
	01/36; Z~=-390.67km
WRITING Mesh_Par_file
WRITING interfaces.dat
	setting topography to 'nzsouth', points to 'interface_topo.dat'
WRITING INTERACE interface_1.dat
WRITING INTERACE interface_2.dat
APPROXIMATING TOTAL NUMBER OF ELEMENTS IN MESH
	APPRX_NUM_ELEM = 161280
