PREPARING MESH FOR MESHFEM3D

{'tag': '10second', 'dir_name': '/scale_wlg_persistent/filesets/home/chowbr/primer/meshes/north_island/10second', 'lat_min': -42.5, 'lat_max': -37.0, 'lon_min': 173.0, 'lon_max': 178.5, 'utm_projection': -60, 'mesh_depth_km': 400.0, 'mesh_top_km': -2.67, 'doubling_layers': [16, 68], 'interfaces': [8, 48], 'interface_fids': ['shallow_to_crust.dat', 'crust_to_mantle.dat'], 'regions': [8, 50], 'nproc': 120, 'grid_space_top_hv': [8, 3.25], 'shortest_period_s': 10.0, 'vs_min_km_per_s': 1.2, 'vp_max_km_per_s': 9.3, 'top_vertical_element_ratio': 1.0}

PARAMETERS FOR: 10second
	tag: 10second
	dir_name: /scale_wlg_persistent/filesets/home/chowbr/primer/meshes/north_island/10second
	lat_min: -42.5
	lat_max: -37.0
	lon_min: 173.0
	lon_max: 178.5
	utm_projection: -60
	mesh_depth_km: 400.0
	mesh_top_km: -2.67
	doubling_layers: [16, 68]
	interfaces: [8, 48]
	interface_fids: ['shallow_to_crust.dat', 'crust_to_mantle.dat']
	regions: [8, 50]
	nproc: 120
	grid_space_top_hv: [8, 3.25]
	shortest_period_s: 10.0
	vs_min_km_per_s: 1.2
	vp_max_km_per_s: 9.3
	top_vertical_element_ratio: 1.0
CALCULATING MINIMUM GRID SPACE AT TOP OF MESH
	Grid space XYZ given
	MIN GRID SPACE HORIZONTAL: 8
	MIN GRID SPACE VERTICAL: 3.25
CALCULATING NUMBER OF PROCESSORS
	short direction is x
	NPROC_X = 10
	NPROC_Y = 12
CALCULATING NUMBER OF ELEMENTS AT TOP OF MESH
	integer multiple found as c=2
	NEX_X = 80
	NEX_Y = 96
	!!! enforcing NEX_PER_PROC_XI == 2c * 2 ** ndoublings
		NEX_X: 80 -> 80
	!!! enforcing NEX_PER_PROC_ETA == 2c * 2 ** ndoublings
		NEX_Y: 96 -> 96
	DX = 5.7770km
	DY = 6.4284km
CALCULATING NUMBER OF VERTICAL DOUBLING LAYERS (interfaces)
	3 layers of 3.25km between -2.67km and 8km
	4 layers of 9.75km between 8km and 48km
	12 layers of 29.25km between 48km and 400.0km
	NLAYERS = 3
	NELEMENTS_Z = 20
	LAYER SIZE FROM BOTTOM = [12, 4, 4]
FORMATTING HORIZONTAL DOUBLING LAYERS (ndoublings)
	depth 68km is approx element 12 at depth 78.58km
	!!! doubling layer matches interface layer, placing above interface
	depth 16km is approx element 16 at depth 20.08km
	!!! doubling layer matches interface layer, placing above interface
	NDOUBLING LAYERS = [11, 15]
FORMATTING NREGIONS AND NMATERIALS
	nregions = nmaterials = 3
	depth 50km is approx element 12 at depth 78.58km
	depth 8km is approx element 17 at depth 10.33km
	depth -2.67km is top of mesh -2.67km
	REGION STARTING ELEMENT = [20, 17, 12]
MESH HAS THE APPROXIMATE FORM
	20/01; Z~= -2.67km
		Top of Mesh
		Region 1 begins
		dx=5.78, dy=6.43, dz=3.25
	19/02; Z~= -5.92km
	18/03; Z~= -9.17km
	17/04; Z~=-12.42km
		Region 2 begins
		dx=5.78, dy=6.43, dz=3.25
	16/05; Z~=-15.67km
		Interface (vertical doubling)
		dx=5.78, dy=6.43, dz=9.75
	15/06; Z~=-25.42km
		Doubling (horizontal doubling)
		dx=11.55, dy=12.86, dz=9.75
	14/07; Z~=-35.17km
	13/08; Z~=-44.92km
	12/09; Z~=-54.67km
		Interface (vertical doubling)
		Region 3 begins
		dx=11.55, dy=12.86, dz=29.25
	11/10; Z~=-83.92km
		Doubling (horizontal doubling)
		dx=23.11, dy=25.71, dz=29.25
	10/11; Z~=-113.17km
	09/12; Z~=-142.42km
	08/13; Z~=-171.67km
	07/14; Z~=-200.92km
	06/15; Z~=-230.17km
	05/16; Z~=-259.42km
	04/17; Z~=-288.67km
	03/18; Z~=-317.92km
	02/19; Z~=-347.17km
	01/20; Z~=-376.42km
WRITING Mesh_Par_file
WRITING interfaces.dat
WRITING INTERACE shallow_to_crust.dat
WRITING INTERACE crust_to_mantle.dat
APPROXIMATING TOTAL NUMBER OF ELEMENTS IN MESH
	APPRX_NUM_ELEM = 58560
