PREPARING MESH FOR MESHFEM3D

{'dir_name': './created/nk_aspen', 'lat_min': 40.5, 'lat_max': 45.5, 'lon_min': 126.0, 'lon_max': 134.0, 'utm_projection': 52, 'suppress_utm_proj': False, 'mesh_depth_km': 100.0, 'mesh_top_km': 2.5, 'doubling_layers': [15, 35, 55], 'interfaces': [0, 12, 32, 52], 'interface_increase': [1, 2, 2, 2], 'interface_fids': ['interface_topo.dat', 'interface_1.dat', 'interface_2.dat', 'interface_3.dat'], 'regions': [15], 'materials': [[4400, 7500, 4500, 9999, 1001], [6500, 8500, 4500, 9999, 1000]], 'nproc': 64, 'grid_space_top_hv': [0.5, 0.5], 'shortest_period_s': 3, 'vs_min_km_per_s': 1.5, 'vp_max_km_per_s': 8.8, 'points_per_wl': 5, 'top_vertical_element_ratio': 1, 'tag': 'nk_aspen'}

PARAMETERS FOR: nk_aspen
	dir_name: ./created/nk_aspen
	lat_min: 40.5
	lat_max: 45.5
	lon_min: 126.0
	lon_max: 134.0
	utm_projection: 52
	suppress_utm_proj: False
	mesh_depth_km: 100.0
	mesh_top_km: 2.5
	doubling_layers: [15, 35, 55]
	interfaces: [0, 12, 32, 52]
	interface_increase: [1, 2, 2, 2]
	interface_fids: ['interface_topo.dat', 'interface_1.dat', 'interface_2.dat', 'interface_3.dat']
	regions: [15]
	materials: [[4400, 7500, 4500, 9999, 1001], [6500, 8500, 4500, 9999, 1000]]
	nproc: 64
	grid_space_top_hv: [0.5, 0.5]
	shortest_period_s: 3
	vs_min_km_per_s: 1.5
	vp_max_km_per_s: 8.8
	points_per_wl: 5
	top_vertical_element_ratio: 1
	tag: nk_aspen
CALCULATING MINIMUM GRID SPACE AT TOP OF MESH
	Grid space XYZ given
	MIN GRID SPACE HORIZONTAL: 0.5
	MIN GRID SPACE VERTICAL: 0.5
CALCULATING NUMBER OF PROCESSORS
	x-axis length = 644.8455351677607
	y-axis length = 563.0894747246932
	short direction is 'y'
	NPROC_X = 8
	NPROC_Y = 8
CALCULATING NUMBER OF ELEMENTS AT TOP OF MESH
	integer multiple found as c=2
	NEX_X = 1344
	NEX_Y = 1152
	!!! enforcing NEX_PER_PROC_XI == 2c * 2 ** ndoublings
		NEX_X: 1344 -> 1408
	!!! enforcing NEX_PER_PROC_ETA == 2c * 2 ** ndoublings
		NEX_Y: 1152 -> 1152
	DX = 0.4580km
	DY = 0.4888km
	Note: if values below too large, adjust 'shortest_period_s'
	Note: if values below too small, check  'suppress_utm_proj'
	GRID_SPACE_H - DX = 0.042013114227442694
	GRID_SPACE_H - DY = 0.011207053190370464
SCALING VERTICAL ELEMENT SIZE BASED ON DX and DY
	DZ = (dx + dy)/2 * 1 ~= 0.5
CALCULATING NUMBER OF VERTICAL LAYERS (interfaces)
	24 layers of 0.5km between 0km and 12km (12.0 km)
	20 layers of 1.0km between 12km and 32km (20.0 km)
	10 layers of 2.0km between 32km and 52km (20.0 km)
	12 layers of 4.0km between 52km and 100.0km (48.0 km)
	NLAYERS = 4
	NELEMENTS_Z = 66
	NUM ELEM PER LAYER FROM BOTTOM = [12, 10, 20, 24]
FORMATTING HORIZONTAL DOUBLING LAYERS (ndoublings)
	depth 55km is approx element 12 at depth 58.50km
	depth 35km is approx element 22 at depth 36.50km
	depth 15km is approx element 42 at depth 15.50km
	NDOUBLING LAYERS = [12, 22, 42]
FORMATTING NREGIONS AND NMATERIALS
	nregions = nmaterials = 2
	depth 15km is approx element 42 at depth 15.50km
	depth 2.5km is top of mesh 2.5km
	REGION STARTING ELEMENT = [66, 42]
MESH HAS THE APPROXIMATE FORM
	66/00; Z~=  2.50km
		Top of Mesh
		Interface (vertical x1)
		Region 1 begins
		dx=0.46, dy=0.49, dz=0.5
	65/01; Z~=  2.00km
	64/02; Z~=  1.50km
	63/03; Z~=  1.00km
	62/04; Z~=  0.50km
	61/05; Z~=  0.00km
	60/06; Z~= -0.50km
	59/07; Z~= -1.00km
	58/08; Z~= -1.50km
	57/09; Z~= -2.00km
	56/10; Z~= -2.50km
	55/11; Z~= -3.00km
	54/12; Z~= -3.50km
	53/13; Z~= -4.00km
	52/14; Z~= -4.50km
	51/15; Z~= -5.00km
	50/16; Z~= -5.50km
	49/17; Z~= -6.00km
	48/18; Z~= -6.50km
	47/19; Z~= -7.00km
	46/20; Z~= -7.50km
	45/21; Z~= -8.00km
	44/22; Z~= -8.50km
	43/23; Z~= -9.00km
	42/24; Z~= -9.50km
		Interface (vertical x2)
		Doubling (horizontal doubling)
		Region 2 begins
		dx=0.92, dy=0.98, dz=1.0
	41/25; Z~=-10.50km
	40/26; Z~=-11.50km
	39/27; Z~=-12.50km
	38/28; Z~=-13.50km
	37/29; Z~=-14.50km
	36/30; Z~=-15.50km
	35/31; Z~=-16.50km
	34/32; Z~=-17.50km
	33/33; Z~=-18.50km
	32/34; Z~=-19.50km
	31/35; Z~=-20.50km
	30/36; Z~=-21.50km
	29/37; Z~=-22.50km
	28/38; Z~=-23.50km
	27/39; Z~=-24.50km
	26/40; Z~=-25.50km
	25/41; Z~=-26.50km
	24/42; Z~=-27.50km
	23/43; Z~=-28.50km
	22/44; Z~=-29.50km
		Interface (vertical x2)
		Doubling (horizontal doubling)
		dx=1.83, dy=1.96, dz=2.0
	21/45; Z~=-31.50km
	20/46; Z~=-33.50km
	19/47; Z~=-35.50km
	18/48; Z~=-37.50km
	17/49; Z~=-39.50km
	16/50; Z~=-41.50km
	15/51; Z~=-43.50km
	14/52; Z~=-45.50km
	13/53; Z~=-47.50km
	12/54; Z~=-49.50km
		Interface (vertical x2)
		Doubling (horizontal doubling)
		dx=3.66, dy=3.91, dz=4.0
	11/55; Z~=-53.50km
	10/56; Z~=-57.50km
	09/57; Z~=-61.50km
	08/58; Z~=-65.50km
	07/59; Z~=-69.50km
	06/60; Z~=-73.50km
	05/61; Z~=-77.50km
	04/62; Z~=-81.50km
	03/63; Z~=-85.50km
	02/64; Z~=-89.50km
	01/65; Z~=-93.50km
WRITING Mesh_Par_file
WRITING interfaces.dat
WRITING INTERACE interface_topo.dat
WRITING INTERACE interface_1.dat
WRITING INTERACE interface_2.dat
WRITING INTERACE interface_3.dat
APPROXIMATING TOTAL NUMBER OF ELEMENTS IN MESH
	APPRX_NUM_ELEM = 49953024
