PREPARING MESH FOR MESHFEM3D

{'tag': 'forest', 'dir_name': '/home/chowbr/primer/meshes/forest/3second', 'lat_min': -42.5, 'lat_max': -37.0, 'lon_min': 173.0, 'lon_max': 178.5, 'utm_projection': -60, 'mesh_depth_km': 400.0, 'mesh_top_km': -2.67, 'doubling_layers': [10, 65], 'interfaces': [8, 60], 'interface_fids': ['shallow_to_crust.dat', 'crust_to_mantle.dat'], 'regions': [8, 50], 'nproc': 80, 'grid_space_top_hv': [2.5, 2], 'shortest_period_s': 3.0, 'vs_min_km_per_s': 1.2, 'vp_max_km_per_s': 9.3, 'top_vertical_element_ratio': 1.0}

PARAMETERS FOR: forest
	tag: forest
	dir_name: /home/chowbr/primer/meshes/forest/3second
	lat_min: -42.5
	lat_max: -37.0
	lon_min: 173.0
	lon_max: 178.5
	utm_projection: -60
	mesh_depth_km: 400.0
	mesh_top_km: -2.67
	doubling_layers: [10, 65]
	interfaces: [8, 60]
	interface_fids: ['shallow_to_crust.dat', 'crust_to_mantle.dat']
	regions: [8, 50]
	nproc: 80
	grid_space_top_hv: [2.5, 2]
	shortest_period_s: 3.0
	vs_min_km_per_s: 1.2
	vp_max_km_per_s: 9.3
	top_vertical_element_ratio: 1.0
CALCULATING MINIMUM GRID SPACE AT TOP OF MESH
	Grid space XYZ given
	MIN GRID SPACE HORIZONTAL: 2.5
	MIN GRID SPACE VERTICAL: 2
CALCULATING NUMBER OF PROCESSORS
	short direction is x
	NPROC_X = 8
	NPROC_Y = 10
CALCULATING NUMBER OF ELEMENTS AT TOP OF MESH
	integer multiple found as c=2
	NEX_X = 192
	NEX_Y = 320
	!!! enforcing NEX_PER_PROC_XI == 2c * 2 ** ndoublings
		NEX_X: 192 -> 192
	!!! enforcing NEX_PER_PROC_ETA == 2c * 2 ** ndoublings
		NEX_Y: 320 -> 320
	DX = 2.4071km
	DY = 1.9285km
CALCULATING NUMBER OF VERTICAL TRIPLING LAYERS (interfaces)
	5 layers of 2km between -2.67km and 8km
	9 layers of 6km between 8km and 60km
	19 layers of 18km between 60km and 400.0km
	NLAYERS = 3
	NELEMENTS_Z = 34
	LAYER SIZE FROM BOTTOM = [19, 9, 6]
FORMATTING HORIZONTAL DOUBLING LAYERS (ndoublings)
	depth 65km is approx element 19 at depth 81.33km
	depth 10km is approx element 28 at depth 15.33km
	NDOUBLING LAYERS = [19, 28]
FORMATTING NREGIONS AND NMATERIALS
	nregions = nmaterials = 3
	depth 50km is approx element 22 at depth 51.33km
	depth 8km is approx element 29 at depth 9.33km
	depth -2.67km is top of mesh -2.67km
	REGION STARTING ELEMENT = [34, 29, 22]
MESH HAS THE APPROXIMATE FORM
	34/01; Z~= -2.67km
		Top of Mesh
		Region 1 begins
		dx=2.41, dy=1.93, dz=2
	33/02; Z~= -4.67km
	32/03; Z~= -6.67km
	31/04; Z~= -8.67km
	30/05; Z~=-10.67km
	29/06; Z~=-12.67km
		Region 2 begins
		dx=2.41, dy=1.93, dz=2
	28/07; Z~=-14.67km
		Interface (vertical tripling)
		Doubling (horizontal doubling)
		dx=4.81, dy=3.86, dz=6
	27/08; Z~=-20.67km
	26/09; Z~=-26.67km
	25/10; Z~=-32.67km
	24/11; Z~=-38.67km
	23/12; Z~=-44.67km
	22/13; Z~=-50.67km
		Region 3 begins
		dx=4.81, dy=3.86, dz=6
	21/14; Z~=-56.67km
	20/15; Z~=-62.67km
	19/16; Z~=-68.67km
		Interface (vertical tripling)
		Doubling (horizontal doubling)
		dx=9.63, dy=7.71, dz=18
	18/17; Z~=-86.67km
	17/18; Z~=-104.67km
	16/19; Z~=-122.67km
	15/20; Z~=-140.67km
	14/21; Z~=-158.67km
	13/22; Z~=-176.67km
	12/23; Z~=-194.67km
	11/24; Z~=-212.67km
	10/25; Z~=-230.67km
	09/26; Z~=-248.67km
	08/27; Z~=-266.67km
	07/28; Z~=-284.67km
	06/29; Z~=-302.67km
	05/30; Z~=-320.67km
	04/31; Z~=-338.67km
	03/32; Z~=-356.67km
	02/33; Z~=-374.67km
	01/34; Z~=-392.67km
WRITING Mesh_Par_file
WRITING interfaces.dat
WRITING INTERACE shallow_to_crust.dat
WRITING INTERACE crust_to_mantle.dat
APPROXIMATING TOTAL NUMBER OF ELEMENTS IN MESH
	APPRX_NUM_ELEM = 637440
