
The following have been reloaded with a version change:
  1) GCCcore/11.3.0 => GCCcore/12.3.0
  2) UCX/.1.12.1 => UCX/.1.14.1
  3) binutils/.2.38 => binutils/.2.40
  4) imkl-FFTW/2022.1.0 => imkl-FFTW/2023.1.0
  5) imkl/2022.1.0 => imkl/2023.1.0
  6) impi/2021.6.0 => impi/2021.9.0
  7) intel-compilers/2022.1.0 => intel-compilers/2023.1.0
  8) intel/2022a => intel/2023a
  9) numactl/.2.0.14 => numactl/.2.0.16
 10) zlib/.1.2.12 => zlib/.1.2.13

grep: DATA/Par_file: No such file or directory
grep: DATA/Par_file: No such file or directory
grep: DATA/Par_file: No such file or directory
grep: DATA/Par_file: No such file or directory
/var/spool/slurm/job138734/slurm_script: line 21: *  *  : syntax error: operand expected (error token is "*  *  ")
mkdir: missing operand
Try 'mkdir --help' for more information.
xmeshfem3D on  processors

Mon Mar 11 18:02:12 AKDT 2024
[mpiexec@n117.clstr] i_np_fn (../../../../../src/pm/i_hydra/mpiexec/intel/i_mpiexec_params.h:949): process count should be > 0
[mpiexec@n117.clstr] match_arg (../../../../../src/pm/i_hydra/libhydra/arg/hydra_arg.c:83): match handler returned error
[mpiexec@n117.clstr] HYD_arg_parse_array (../../../../../src/pm/i_hydra/libhydra/arg/hydra_arg.c:128): argument matching returned error
[mpiexec@n117.clstr] mpiexec_get_parameters (../../../../../src/pm/i_hydra/mpiexec/mpiexec_params.c:1359): error parsing input array
[mpiexec@n117.clstr] main (../../../../../src/pm/i_hydra/mpiexec/mpiexec.c:1787): error parsing parameters

real	0m0.117s
user	0m0.003s
sys	0m0.021s

finished at: Mon Mar 11 18:02:12 AKDT 2024
xspecfem3D on  processors

Mon Mar 11 18:02:12 AKDT 2024
[mpiexec@n117.clstr] i_np_fn (../../../../../src/pm/i_hydra/mpiexec/intel/i_mpiexec_params.h:949): process count should be > 0
[mpiexec@n117.clstr] match_arg (../../../../../src/pm/i_hydra/libhydra/arg/hydra_arg.c:83): match handler returned error
[mpiexec@n117.clstr] HYD_arg_parse_array (../../../../../src/pm/i_hydra/libhydra/arg/hydra_arg.c:128): argument matching returned error
[mpiexec@n117.clstr] mpiexec_get_parameters (../../../../../src/pm/i_hydra/mpiexec/mpiexec_params.c:1359): error parsing input array
[mpiexec@n117.clstr] main (../../../../../src/pm/i_hydra/mpiexec/mpiexec.c:1787): error parsing parameters

real	0m0.037s
user	0m0.004s
sys	0m0.015s

finished at: Mon Mar 11 18:02:12 AKDT 2024
