PREPARING MESH FOR MESHFEM3D

{'tag': 'nalaska_c2s', 'dir_name': './created/cube2sph/nalaska', 'lat_min': -549500, 'lat_max': 549500, 'lon_min': -799500, 'lon_max': 799500, 'utm_projection': -99, 'suppress_utm_proj': True, 'mesh_depth_km': 600.0, 'mesh_top_km': -6.0, 'doubling_layers': [60, 140], 'interfaces': [24.4, 40, 80, 220, 400], 'interface_fids': ['interface_24p4.dat', 'interface_40.dat', 'interface_80.dat', 'interface_220.dat', 'interface_400.dat'], 'interface_increase': [1, 2, 2, 2, 1], 'regions': [8, 50], 'nproc': 56, 'topo': 'nznorth_ext', 'grid_space_top_hv': [8, 4], 'shortest_period_s': 12, 'vs_min_km_per_s': 3.0, 'vp_max_km_per_s': 9.3, 'top_vertical_element_ratio': 1.0}

PARAMETERS FOR: nalaska_c2s
	tag: nalaska_c2s
	dir_name: ./created/cube2sph/nalaska
	lat_min: -549500
	lat_max: 549500
	lon_min: -799500
	lon_max: 799500
	utm_projection: -99
	suppress_utm_proj: True
	mesh_depth_km: 600.0
	mesh_top_km: -6.0
	doubling_layers: [60, 140]
	interfaces: [24.4, 40, 80, 220, 400]
	interface_fids: ['interface_24p4.dat', 'interface_40.dat', 'interface_80.dat', 'interface_220.dat', 'interface_400.dat']
	interface_increase: [1, 2, 2, 2, 1]
	regions: [8, 50]
	nproc: 56
	topo: nznorth_ext
	grid_space_top_hv: [8, 4]
	shortest_period_s: 12
	vs_min_km_per_s: 3.0
	vp_max_km_per_s: 9.3
	top_vertical_element_ratio: 1.0
CALCULATING MINIMUM GRID SPACE AT TOP OF MESH
	Grid space XYZ given
	MIN GRID SPACE HORIZONTAL: 8
	MIN GRID SPACE VERTICAL: 4
CALCULATING NUMBER OF PROCESSORS
	short direction is y
	NPROC_X = 8
	NPROC_Y = 7
CALCULATING NUMBER OF ELEMENTS AT TOP OF MESH
	integer multiple found as c=2
	NEX_X = 256
	NEX_Y = 168
	!!! enforcing NEX_PER_PROC_XI == 2c * 2 ** ndoublings
		NEX_X: 256 -> 256
	!!! enforcing NEX_PER_PROC_ETA == 2c * 2 ** ndoublings
		NEX_Y: 168 -> 168
	DX = 6.2461km
	DY = 6.5417km
CALCULATING NUMBER OF VERTICAL LAYERS (interfaces)
	8 layers of 4km between -6.0km and 24.4km
	4 layers of 4km between 24.4km and 40km
	5 layers of 8km between 40km and 80km
	9 layers of 16km between 80km and 220km
	6 layers of 32km between 220km and 400km
	6 layers of 32km between 400km and 600.0km
	NLAYERS = 6
	NELEMENTS_Z = 38
	LAYER SIZE FROM BOTTOM = [6, 6, 9, 5, 4, 8]
FORMATTING HORIZONTAL DOUBLING LAYERS (ndoublings)
	depth 140km is approx element 21 at depth 170.00km
	depth 60km is approx element 26 at depth 74.00km
	NDOUBLING LAYERS = [21, 26]
FORMATTING NREGIONS AND NMATERIALS
	nregions = nmaterials = 3
	depth 50km is approx element 27 at depth 58.00km
	depth 8km is approx element 35 at depth 10.00km
	depth -6.0km is top of mesh -6.0km
	REGION STARTING ELEMENT = [38, 35, 27]
MESH HAS THE APPROXIMATE FORM
	38/01; Z~= -6.00km
		Top of Mesh
		Region 1 begins
		dx=6.25, dy=6.54, dz=4
	37/02; Z~=-10.00km
	36/03; Z~=-14.00km
	35/04; Z~=-18.00km
		Region 2 begins
		dx=6.25, dy=6.54, dz=4
	34/05; Z~=-22.00km
	33/06; Z~=-26.00km
	32/07; Z~=-30.00km
	31/08; Z~=-34.00km
	30/09; Z~=-38.00km
		Interface (vertical x1)
		dx=6.25, dy=6.54, dz=4
	29/10; Z~=-42.00km
	28/11; Z~=-46.00km
	27/12; Z~=-50.00km
		Region 3 begins
		dx=6.25, dy=6.54, dz=4
	26/13; Z~=-54.00km
		Interface (vertical x2)
		Doubling (horizontal doubling)
		dx=12.49, dy=13.08, dz=8
	25/14; Z~=-62.00km
	24/15; Z~=-70.00km
	23/16; Z~=-78.00km
	22/17; Z~=-86.00km
	21/18; Z~=-94.00km
		Interface (vertical x2)
		Doubling (horizontal doubling)
		dx=24.98, dy=26.17, dz=16
	20/19; Z~=-110.00km
	19/20; Z~=-126.00km
	18/21; Z~=-142.00km
	17/22; Z~=-158.00km
	16/23; Z~=-174.00km
	15/24; Z~=-190.00km
	14/25; Z~=-206.00km
	13/26; Z~=-222.00km
	12/27; Z~=-238.00km
		Interface (vertical x2)
		dx=24.98, dy=26.17, dz=32
	11/28; Z~=-270.00km
	10/29; Z~=-302.00km
	09/30; Z~=-334.00km
	08/31; Z~=-366.00km
	07/32; Z~=-398.00km
	06/33; Z~=-430.00km
		Interface (vertical x1)
		dx=24.98, dy=26.17, dz=32
	05/34; Z~=-462.00km
	04/35; Z~=-494.00km
	03/36; Z~=-526.00km
	02/37; Z~=-558.00km
	01/38; Z~=-590.00km
WRITING Mesh_Par_file
WRITING interfaces.dat
	setting topography to 'nznorth_ext', points to 'interface_topo.dat'
WRITING INTERACE interface_24p4.dat
WRITING INTERACE interface_40.dat
WRITING INTERACE interface_80.dat
WRITING INTERACE interface_220.dat
WRITING INTERACE interface_400.dat
APPROXIMATING TOTAL NUMBER OF ELEMENTS IN MESH
	APPRX_NUM_ELEM = 666624
