PREPARING MESH FOR MESHFEM3D

{'tag': 'hackfish', 'dir_name': './created/hackfish/2sec_revised', 'lat_min': -41.75, 'lat_max': -34.3, 'lon_min': 172.5, 'lon_max': -179.0, 'utm_projection': -60, 'mesh_depth_km': 400.0, 'mesh_top_km': -2.67, 'doubling_layers': [22, 62], 'interfaces': [20, 60], 'interface_fids': ['shallow_to_crust.dat', 'crust_to_mantle.dat'], 'regions': [8, 50], 'nproc': 160, 'grid_space_top_hv': [4, 2.0], 'shortest_period_s': 2.5, 'vs_min_km_per_s': 1.0, 'vp_max_km_per_s': 9.3, 'top_vertical_element_ratio': 1.0}

PARAMETERS FOR: hackfish
	tag: hackfish
	dir_name: ./created/hackfish/2sec_revised
	lat_min: -41.75
	lat_max: -34.3
	lon_min: 172.5
	lon_max: -179.0
	utm_projection: -60
	mesh_depth_km: 400.0
	mesh_top_km: -2.67
	doubling_layers: [22, 62]
	interfaces: [20, 60]
	interface_fids: ['shallow_to_crust.dat', 'crust_to_mantle.dat']
	regions: [8, 50]
	nproc: 160
	grid_space_top_hv: [4, 2.0]
	shortest_period_s: 2.5
	vs_min_km_per_s: 1.0
	vp_max_km_per_s: 9.3
	top_vertical_element_ratio: 1.0
CALCULATING MINIMUM GRID SPACE AT TOP OF MESH
	Grid space XYZ given
	MIN GRID SPACE HORIZONTAL: 4
	MIN GRID SPACE VERTICAL: 2.0
CALCULATING NUMBER OF PROCESSORS
	short direction is x
	NPROC_X = 10
	NPROC_Y = 16
CALCULATING NUMBER OF ELEMENTS AT TOP OF MESH
	integer multiple found as c=2
	NEX_X = 240
	NEX_Y = 256
	!!! enforcing NEX_PER_PROC_XI == 2c * 2 ** ndoublings
		NEX_X: 240 -> 240
	!!! enforcing NEX_PER_PROC_ETA == 2c * 2 ** ndoublings
		NEX_Y: 256 -> 256
	DX = 3.0932km
	DY = 3.2388km
CALCULATING NUMBER OF VERTICAL TRIPLING LAYERS (interfaces)
	11 layers of 2.0km between -2.67km and 20km
	7 layers of 6.0km between 20km and 60km
	19 layers of 18.0km between 60km and 400.0km
	NLAYERS = 3
	NELEMENTS_Z = 38
	LAYER SIZE FROM BOTTOM = [19, 7, 12]
FORMATTING HORIZONTAL DOUBLING LAYERS (ndoublings)
	depth 62km is approx element 20 at depth 63.33km
	depth 22km is approx element 26 at depth 27.33km
	NDOUBLING LAYERS = [20, 26]
FORMATTING NREGIONS AND NMATERIALS
	nregions = nmaterials = 3
	depth 50km is approx element 22 at depth 51.33km
	depth 8km is approx element 33 at depth 9.33km
	depth -2.67km is top of mesh -2.67km
	REGION STARTING ELEMENT = [38, 33, 22]
MESH HAS THE APPROXIMATE FORM
	38/01; Z~= -2.67km
		Top of Mesh
		Region 1 begins
		dx=3.09, dy=3.24, dz=2.0
	37/02; Z~= -4.67km
	36/03; Z~= -6.67km
	35/04; Z~= -8.67km
	34/05; Z~=-10.67km
	33/06; Z~=-12.67km
		Region 2 begins
		dx=3.09, dy=3.24, dz=2.0
	32/07; Z~=-14.67km
	31/08; Z~=-16.67km
	30/09; Z~=-18.67km
	29/10; Z~=-20.67km
	28/11; Z~=-22.67km
	27/12; Z~=-24.67km
	26/13; Z~=-26.67km
		Interface (vertical tripling)
		Doubling (horizontal doubling)
		dx=6.19, dy=6.48, dz=6.0
	25/14; Z~=-32.67km
	24/15; Z~=-38.67km
	23/16; Z~=-44.67km
	22/17; Z~=-50.67km
		Region 3 begins
		dx=6.19, dy=6.48, dz=6.0
	21/18; Z~=-56.67km
	20/19; Z~=-62.67km
		Doubling (horizontal doubling)
		dx=12.37, dy=12.96, dz=6.0
	19/20; Z~=-68.67km
		Interface (vertical tripling)
		dx=12.37, dy=12.96, dz=18.0
	18/21; Z~=-86.67km
	17/22; Z~=-104.67km
	16/23; Z~=-122.67km
	15/24; Z~=-140.67km
	14/25; Z~=-158.67km
	13/26; Z~=-176.67km
	12/27; Z~=-194.67km
	11/28; Z~=-212.67km
	10/29; Z~=-230.67km
	09/30; Z~=-248.67km
	08/31; Z~=-266.67km
	07/32; Z~=-284.67km
	06/33; Z~=-302.67km
	05/34; Z~=-320.67km
	04/35; Z~=-338.67km
	03/36; Z~=-356.67km
	02/37; Z~=-374.67km
	01/38; Z~=-392.67km
WRITING Mesh_Par_file
WRITING interfaces.dat
WRITING INTERACE shallow_to_crust.dat
WRITING INTERACE crust_to_mantle.dat
APPROXIMATING TOTAL NUMBER OF ELEMENTS IN MESH
	APPRX_NUM_ELEM = 963840
