PREPARING MESH FOR MESHFEM3D

{'tag': 'hackfish', 'dir_name': './created/hackfish/8sec', 'lat_min': -41.65, 'lat_max': -34.3, 'lon_min': 172.5, 'lon_max': -179.0, 'utm_projection': -60, 'mesh_depth_km': 400.0, 'mesh_top_km': -2.67, 'doubling_layers': [30, 50], 'interfaces': [28, 45], 'interface_fids': ['interface_1.dat', 'interface_2.dat'], 'interface_increase': 2, 'regions': [8, 50], 'nproc': 120, 'topo': 'nznorth_ext', 'grid_space_top_hv': [10, 5], 'shortest_period_s': 10, 'vs_min_km_per_s': 1.0, 'vp_max_km_per_s': 9.3, 'top_vertical_element_ratio': 1.0}

PARAMETERS FOR: hackfish
	tag: hackfish
	dir_name: ./created/hackfish/8sec
	lat_min: -41.65
	lat_max: -34.3
	lon_min: 172.5
	lon_max: -179.0
	utm_projection: -60
	mesh_depth_km: 400.0
	mesh_top_km: -2.67
	doubling_layers: [30, 50]
	interfaces: [28, 45]
	interface_fids: ['interface_1.dat', 'interface_2.dat']
	interface_increase: 2
	regions: [8, 50]
	nproc: 120
	topo: nznorth_ext
	grid_space_top_hv: [10, 5]
	shortest_period_s: 10
	vs_min_km_per_s: 1.0
	vp_max_km_per_s: 9.3
	top_vertical_element_ratio: 1.0
CALCULATING MINIMUM GRID SPACE AT TOP OF MESH
	Grid space XYZ given
	MIN GRID SPACE HORIZONTAL: 10
	MIN GRID SPACE VERTICAL: 5
CALCULATING NUMBER OF PROCESSORS
	short direction is x
	NPROC_X = 10
	NPROC_Y = 12
CALCULATING NUMBER OF ELEMENTS AT TOP OF MESH
	integer multiple found as c=2
	NEX_X = 80
	NEX_Y = 96
	!!! enforcing NEX_PER_PROC_XI == 2c * 2 ** ndoublings
		NEX_X: 80 -> 80
	!!! enforcing NEX_PER_PROC_ETA == 2c * 2 ** ndoublings
		NEX_Y: 96 -> 96
	DX = 9.2870km
	DY = 8.5212km
CALCULATING NUMBER OF VERTICAL TRIPLING LAYERS (interfaces)
	6 layers of 5km between -2.67km and 28km
	2 layers of 10km between 28km and 45km
	18 layers of 20km between 45km and 400.0km
	NLAYERS = 3
	NELEMENTS_Z = 26
	LAYER SIZE FROM BOTTOM = [18, 2, 6]
FORMATTING HORIZONTAL DOUBLING LAYERS (ndoublings)
	depth 50km is approx element 18 at depth 67.33km
	depth 30km is approx element 20 at depth 37.33km
	NDOUBLING LAYERS = [18, 20]
FORMATTING NREGIONS AND NMATERIALS
	nregions = nmaterials = 3
	depth 50km is approx element 18 at depth 67.33km
	depth 8km is approx element 24 at depth 12.33km
	depth -2.67km is top of mesh -2.67km
	REGION STARTING ELEMENT = [26, 24, 18]
MESH HAS THE APPROXIMATE FORM
	26/01; Z~= -2.67km
		Top of Mesh
		Region 1 begins
		dx=9.29, dy=8.52, dz=5
	25/02; Z~= -7.67km
	24/03; Z~=-12.67km
		Region 2 begins
		dx=9.29, dy=8.52, dz=5
	23/04; Z~=-17.67km
	22/05; Z~=-22.67km
	21/06; Z~=-27.67km
	20/07; Z~=-32.67km
		Interface (vertical x2)
		Doubling (horizontal doubling)
		dx=18.57, dy=17.04, dz=10
	19/08; Z~=-42.67km
	18/09; Z~=-52.67km
		Interface (vertical x2)
		Doubling (horizontal doubling)
		Region 3 begins
		dx=37.15, dy=34.08, dz=20
	17/10; Z~=-72.67km
	16/11; Z~=-92.67km
	15/12; Z~=-112.67km
	14/13; Z~=-132.67km
	13/14; Z~=-152.67km
	12/15; Z~=-172.67km
	11/16; Z~=-192.67km
	10/17; Z~=-212.67km
	09/18; Z~=-232.67km
	08/19; Z~=-252.67km
	07/20; Z~=-272.67km
	06/21; Z~=-292.67km
	05/22; Z~=-312.67km
	04/23; Z~=-332.67km
	03/24; Z~=-352.67km
	02/25; Z~=-372.67km
	01/26; Z~=-392.67km
WRITING Mesh_Par_file
WRITING interfaces.dat
	setting topography to 'nznorth_ext', points to 'interface_topo.dat'
WRITING INTERACE interface_1.dat
WRITING INTERACE interface_2.dat
APPROXIMATING TOTAL NUMBER OF ELEMENTS IN MESH
	APPRX_NUM_ELEM = 65760
