PREPARING MESH FOR MESHFEM3D

{'tag': '10second', 'dir_name': '/scale_wlg_persistent/filesets/home/chowbr/primer/meshes/north_island/10second', 'lat_min': -42.5, 'lat_max': -37.0, 'lon_min': 173.0, 'lon_max': 178.5, 'utm_projection': -60, 'mesh_depth_km': 400.0, 'mesh_top_km': -2.67, 'doubling_layers': [16, 48], 'interfaces': [12, 36, 116], 'interface_fids': ['shallow_to_crust.dat', 'crust_to_mantle.dat', 'mid_mantle.dat'], 'regions': [8, 50], 'nproc': 120, 'grid_space_top_hv': [6, 3], 'shortest_period_s': 10.0, 'vs_min_km_per_s': 1.0, 'top_vertical_element_ratio': 0.5}

PARAMETERS FOR: 10second
	tag: 10second
	dir_name: /scale_wlg_persistent/filesets/home/chowbr/primer/meshes/north_island/10second
	lat_min: -42.5
	lat_max: -37.0
	lon_min: 173.0
	lon_max: 178.5
	utm_projection: -60
	mesh_depth_km: 400.0
	mesh_top_km: -2.67
	doubling_layers: [16, 48]
	interfaces: [12, 36, 116]
	interface_fids: ['shallow_to_crust.dat', 'crust_to_mantle.dat', 'mid_mantle.dat']
	regions: [8, 50]
	nproc: 120
	grid_space_top_hv: [6, 3]
	shortest_period_s: 10.0
	vs_min_km_per_s: 1.0
	top_vertical_element_ratio: 0.5
CALCULATING MINIMUM GRID SPACE AT TOP OF MESH
	Grid space XYZ given
	MIN GRID SPACE HORIZONTAL: 6
	MIN GRID SPACE VERTICAL: 3
CALCULATING NUMBER OF PROCESSORS
	short direction is x
	NPROC_X = 10
	NPROC_Y = 12
CALCULATING NUMBER OF ELEMENTS AT TOP OF MESH
	integer multiple found as c=2
	NEX_X = 80
	NEX_Y = 192
	!!! enforcing NEX_PER_PROC_XI == 2c * 2 ** ndoublings
		NEX_X: 80 -> 80
	!!! enforcing NEX_PER_PROC_ETA == 2c * 2 ** ndoublings
		NEX_Y: 192 -> 192
	DX = 5.7770km
	DY = 3.2142km
CALCULATING NUMBER OF VERTICAL DOUBLING LAYERS (interfaces)
	5 layers of 3km between -2.67km and 12km
	3 layers of 9km between 12km and 36km
	3 layers of 27km between 36km and 116km
	4 layers of 81km between 116km and 400.0km
	NLAYERS = 4
	NELEMENTS_Z = 16
	LAYER SIZE FROM BOTTOM = [4, 3, 3, 6]
FORMATTING HORIZONTAL DOUBLING LAYERS (ndoublings)
	depth 48km is approx element 7 at depth 69.33km
	!!! doubling layer matches interface layer, placing above interface
	depth 16km is approx element 10 at depth 24.33km
	!!! doubling layer matches interface layer, placing above interface
	NDOUBLING LAYERS = [6, 9]
FORMATTING NREGIONS AND NMATERIALS
	nregions = nmaterials = 3
	depth 50km is approx element 7 at depth 69.33km
	depth 8km is approx element 13 at depth 9.33km
	depth -2.67km is top of mesh -2.67km
	REGION STARTING ELEMENT = [16, 13, 7]
MESH HAS THE APPROXIMATE FORM
	16/01; Z~= -2.67km
		Top of Mesh
		Region 1 begins
		dx=5.78, dy=3.21, dz=3
	15/02; Z~= -5.67km
	14/03; Z~= -8.67km
	13/04; Z~=-11.67km
		Region 2 begins
		dx=5.78, dy=3.21, dz=3
	12/05; Z~=-14.67km
	11/06; Z~=-17.67km
	10/07; Z~=-20.67km
		Interface (vertical doubling)
		dx=5.78, dy=3.21, dz=9
	09/08; Z~=-29.67km
		Doubling (horizontal doubling)
		dx=11.55, dy=6.43, dz=9
	08/09; Z~=-38.67km
	07/10; Z~=-47.67km
		Interface (vertical doubling)
		Region 3 begins
		dx=11.55, dy=6.43, dz=27
	06/11; Z~=-74.67km
		Doubling (horizontal doubling)
		dx=23.11, dy=12.86, dz=27
	05/12; Z~=-101.67km
	04/13; Z~=-128.67km
		Interface (vertical doubling)
		dx=23.11, dy=12.86, dz=81
	03/14; Z~=-209.67km
	02/15; Z~=-290.67km
	01/16; Z~=-371.67km
WRITING Mesh_Par_file
WRITING interfaces.dat
WRITING INTERACE shallow_to_crust.dat
WRITING INTERACE crust_to_mantle.dat
WRITING INTERACE mid_mantle.dat
APPROXIMATING TOTAL NUMBER OF ELEMENTS IN MESH
	APPRX_NUM_ELEM = 139200
