PREPARING MESH FOR MESHFEM3D

{'tag': 'nk_lowres', 'dir_name': './created/nk_lowres', 'lat_min': 40.5, 'lat_max': 45.5, 'lon_min': 126.0, 'lon_max': 134.0, 'utm_projection': 52, 'suppress_utm_proj': False, 'mesh_depth_km': 200.0, 'mesh_top_km': 0, 'doubling_layers': [6, 30], 'interfaces': [0, 10, 30, 50], 'interface_increase': [2, 2, 2, 2], 'interface_fids': ['interface_topo.dat', 'interface_1.dat', 'interface_2.dat', 'interface_3.dat'], 'regions': [5], 'materials': [[4400, 7500, 4500, 9999, 1001], [6500, 8500, 4500, 9999, 1000]], 'nproc': 4, 'grid_space_top_hv': [4, 4], 'shortest_period_s': 2.0, 'vs_min_km_per_s': 1.5, 'vp_max_km_per_s': 8.8, 'points_per_wl': 5, 'top_vertical_element_ratio': 0.5}

PARAMETERS FOR: nk_lowres
	tag: nk_lowres
	dir_name: ./created/nk_lowres
	lat_min: 40.5
	lat_max: 45.5
	lon_min: 126.0
	lon_max: 134.0
	utm_projection: 52
	suppress_utm_proj: False
	mesh_depth_km: 200.0
	mesh_top_km: 0
	doubling_layers: [6, 30]
	interfaces: [0, 10, 30, 50]
	interface_increase: [2, 2, 2, 2]
	interface_fids: ['interface_topo.dat', 'interface_1.dat', 'interface_2.dat', 'interface_3.dat']
	regions: [5]
	materials: [[4400, 7500, 4500, 9999, 1001], [6500, 8500, 4500, 9999, 1000]]
	nproc: 4
	grid_space_top_hv: [4, 4]
	shortest_period_s: 2.0
	vs_min_km_per_s: 1.5
	vp_max_km_per_s: 8.8
	points_per_wl: 5
	top_vertical_element_ratio: 0.5
CALCULATING MINIMUM GRID SPACE AT TOP OF MESH
	Grid space XYZ given
	MIN GRID SPACE HORIZONTAL: 4
	MIN GRID SPACE VERTICAL: 4
CALCULATING NUMBER OF PROCESSORS
	x-axis length = 644.8455351677607
	y-axis length = 563.0894747246932
	short direction is 'y'
	NPROC_X = 2
	NPROC_Y = 2
CALCULATING NUMBER OF ELEMENTS AT TOP OF MESH
	integer multiple found as c=19
	NEX_X = 288
	NEX_Y = 288
	!!! enforcing NEX_PER_PROC_XI == 2c * 2 ** ndoublings
		NEX_X: 288 -> 288
	!!! enforcing NEX_PER_PROC_ETA == 2c * 2 ** ndoublings
		NEX_Y: 288 -> 288
	DX = 2.2390km
	DY = 1.9552km
	Note: if values below too large, adjust 'shortest_period_s'
	Note: if values below too small, check  'suppress_utm_proj'
	GRID_SPACE_H - DX = 1.7609530028897198
	GRID_SPACE_H - DY = 2.044828212761482
SCALING VERTICAL ELEMENT SIZE BASED ON DX and DY
	DZ = (dx + dy)/2 * 0.5 ~= 1.0
CALCULATING NUMBER OF VERTICAL LAYERS (interfaces)
	5 layers of 2.0km between 0km and 10km (10.0 km)
	5 layers of 4.0km between 10km and 30km (20.0 km)
	2 layers of 8.0km between 30km and 50km (16.0 km)
	9 layers of 16.0km between 50km and 200.0km (144.0 km)
	NLAYERS = 4
	NELEMENTS_Z = 22
	NUM ELEM PER LAYER FROM BOTTOM = [9, 2, 5, 6]
FORMATTING HORIZONTAL DOUBLING LAYERS (ndoublings)
	depth 30km is approx element 9 at depth 32.00km
	depth 6km is approx element 16 at depth 8.00km
	NDOUBLING LAYERS = [9, 16]
FORMATTING NREGIONS AND NMATERIALS
	nregions = nmaterials = 2
	depth 5km is approx element 17 at depth 6.00km
	depth 0km is top of mesh 0km
	REGION STARTING ELEMENT = [22, 17]
MESH HAS THE APPROXIMATE FORM
	22/00; Z~=  0.00km
		Top of Mesh
		Interface (vertical x2)
		Region 1 begins
		dx=2.24, dy=1.96, dz=2.0
	21/01; Z~= -2.00km
	20/02; Z~= -4.00km
	19/03; Z~= -6.00km
	18/04; Z~= -8.00km
	17/05; Z~=-10.00km
		Region 2 begins
		dx=2.24, dy=1.96, dz=2.0
	16/06; Z~=-12.00km
		Interface (vertical x2)
		Doubling (horizontal doubling)
		dx=4.48, dy=3.91, dz=4.0
	15/07; Z~=-16.00km
	14/08; Z~=-20.00km
	13/09; Z~=-24.00km
	12/10; Z~=-28.00km
	11/11; Z~=-32.00km
		Interface (vertical x2)
		dx=4.48, dy=3.91, dz=8.0
	10/12; Z~=-40.00km
	09/13; Z~=-48.00km
		Interface (vertical x2)
		Doubling (horizontal doubling)
		dx=8.96, dy=7.82, dz=16.0
	08/14; Z~=-64.00km
	07/15; Z~=-80.00km
	06/16; Z~=-96.00km
	05/17; Z~=-112.00km
	04/18; Z~=-128.00km
	03/19; Z~=-144.00km
	02/20; Z~=-160.00km
	01/21; Z~=-176.00km
WRITING Mesh_Par_file
WRITING interfaces.dat
WRITING INTERACE interface_topo.dat
WRITING INTERACE interface_1.dat
WRITING INTERACE interface_2.dat
WRITING INTERACE interface_3.dat
APPROXIMATING TOTAL NUMBER OF ELEMENTS IN MESH
	APPRX_NUM_ELEM = 767232
