PREPARING MESH FOR MESHFEM3D

{'tag': 'default_xyz', 'dir_name': './created/default_xyz', 'lat_min': -100000.0, 'lat_max': 100000.0, 'lon_min': -125000.0, 'lon_max': 125000.0, 'utm_projection': -99, 'suppress_utm_proj': True, 'mesh_depth_km': 250.0, 'mesh_top_km': 0, 'doubling_layers': [], 'interfaces': [0, 25, 50], 'interface_fids': ['interface_topo.dat', 'interface_1.dat', 'interface_2.dat'], 'interface_increase': [1, 2, 2.5], 'regions': [40, 80], 'materials': [[4400, 7500, 4500, 9999, 1001], [6500, 8500, 4500, 9999, 1000], [7500, 9000, 4500, 9999, 1000]], 'nproc': 84, 'grid_space_top_hv': [5, 5], 'shortest_period_s': 12, 'vs_min_km_per_s': 3.25, 'points_per_wl': 5, 'top_vertical_element_ratio': 1}

PARAMETERS FOR: default_xyz
	tag: default_xyz
	dir_name: ./created/default_xyz
	lat_min: -100000.0
	lat_max: 100000.0
	lon_min: -125000.0
	lon_max: 125000.0
	utm_projection: -99
	suppress_utm_proj: True
	mesh_depth_km: 250.0
	mesh_top_km: 0
	doubling_layers: []
	interfaces: [0, 25, 50]
	interface_fids: ['interface_topo.dat', 'interface_1.dat', 'interface_2.dat']
	interface_increase: [1, 2, 2.5]
	regions: [40, 80]
	materials: [[4400, 7500, 4500, 9999, 1001], [6500, 8500, 4500, 9999, 1000], [7500, 9000, 4500, 9999, 1000]]
	nproc: 84
	grid_space_top_hv: [5, 5]
	shortest_period_s: 12
	vs_min_km_per_s: 3.25
	points_per_wl: 5
	top_vertical_element_ratio: 1
CALCULATING MINIMUM GRID SPACE AT TOP OF MESH
	Grid space XYZ given
	MIN GRID SPACE HORIZONTAL: 5
	MIN GRID SPACE VERTICAL: 5
CALCULATING NUMBER OF PROCESSORS
	x-axis length = 250.0
	y-axis length = 200.0
	short direction is 'y'
	NPROC_X = 12
	NPROC_Y = 7
CALCULATING NUMBER OF ELEMENTS AT TOP OF MESH
	integer multiple found as c=2
	NEX_X = 96
	NEX_Y = 56
	!!! enforcing NEX_PER_PROC_XI == 2c * 2 ** ndoublings
		NEX_X: 96 -> 96
	!!! enforcing NEX_PER_PROC_ETA == 2c * 2 ** ndoublings
		NEX_Y: 56 -> 56
	DX = 2.6042km
	DY = 3.5714km
	Note: if values below too large, adjust 'shortest_period_s'
	Note: if values below too small, check  'suppress_utm_proj'
	GRID_SPACE_H - DX = 2.3958333333333335
	GRID_SPACE_H - DY = 1.4285714285714284
SCALING VERTICAL ELEMENT SIZE BASED ON DX and DY
	DZ = (dx + dy)/2 * 1 ~= 3
CALCULATING NUMBER OF VERTICAL LAYERS (interfaces)
	8 layers of 3km between 0km and 25km (24 km)
	4 layers of 6km between 25km and 50km (24 km)
	13 layers of 15.0km between 50km and 250.0km (195.0 km)
	NLAYERS = 3
	NELEMENTS_Z = 26
	NUM ELEM PER LAYER FROM BOTTOM = [13, 4, 9]
FORMATTING HORIZONTAL DOUBLING LAYERS (ndoublings)
	NDOUBLING LAYERS = []
FORMATTING NREGIONS AND NMATERIALS
	nregions = nmaterials = 3
	depth 80km is approx element 11 at depth 87.00km
	depth 40km is approx element 15 at depth 45.00km
	depth 0km is top of mesh 0km
	REGION STARTING ELEMENT = [26, 15, 11]
MESH HAS THE APPROXIMATE FORM
	26/00; Z~=  0.00km
		Top of Mesh
		Interface (vertical x1)
		Region 1 begins
		dx=2.60, dy=3.57, dz=3
	25/01; Z~= -3.00km
	24/02; Z~= -6.00km
	23/03; Z~= -9.00km
	22/04; Z~=-12.00km
	21/05; Z~=-15.00km
	20/06; Z~=-18.00km
	19/07; Z~=-21.00km
	18/08; Z~=-24.00km
	17/09; Z~=-27.00km
		Interface (vertical x2)
		dx=2.60, dy=3.57, dz=6
	16/10; Z~=-33.00km
	15/11; Z~=-39.00km
		Region 2 begins
		dx=2.60, dy=3.57, dz=6
	14/12; Z~=-45.00km
	13/13; Z~=-51.00km
		Interface (vertical x2.5)
		dx=2.60, dy=3.57, dz=15.0
	12/14; Z~=-66.00km
	11/15; Z~=-81.00km
		Region 3 begins
		dx=2.60, dy=3.57, dz=15.0
	10/16; Z~=-96.00km
	09/17; Z~=-111.00km
	08/18; Z~=-126.00km
	07/19; Z~=-141.00km
	06/20; Z~=-156.00km
	05/21; Z~=-171.00km
	04/22; Z~=-186.00km
	03/23; Z~=-201.00km
	02/24; Z~=-216.00km
	01/25; Z~=-231.00km
WRITING Mesh_Par_file
WRITING interfaces.dat
WRITING INTERACE interface_topo.dat
WRITING INTERACE interface_1.dat
WRITING INTERACE interface_2.dat
APPROXIMATING TOTAL NUMBER OF ELEMENTS IN MESH
	APPRX_NUM_ELEM = 139776
