PREPARING MESH FOR MESHFEM3D

{'tag': 'default_xyz', 'dir_name': './created/default_xyz', 'lat_min': -100000.0, 'lat_max': 100000.0, 'lon_min': -125000.0, 'lon_max': 125000.0, 'utm_projection': -99, 'suppress_utm_proj': True, 'mesh_depth_km': 250.0, 'mesh_top_km': 0, 'doubling_layers': [], 'interfaces': [0, 25, 50], 'interface_fids': ['interface_topo.dat', 'interface_1.dat', 'interface_2.dat'], 'interface_increase': [1, 1.3, 2], 'regions': [40, 80], 'materials': [[4400, 7500, 4500, 9999, 1001], [6500, 8500, 4500, 9999, 1000], [7500, 9000, 4500, 9999, 1000]], 'nproc': 84, 'topo': 'nznorth_ext', 'grid_space_top_hv': [5, 5], 'shortest_period_s': 12, 'vs_min_km_per_s': 3.0, 'vp_max_km_per_s': 9.3, 'top_vertical_element_ratio': 1.0}

PARAMETERS FOR: default_xyz
	tag: default_xyz
	dir_name: ./created/default_xyz
	lat_min: -100000.0
	lat_max: 100000.0
	lon_min: -125000.0
	lon_max: 125000.0
	utm_projection: -99
	suppress_utm_proj: True
	mesh_depth_km: 250.0
	mesh_top_km: 0
	doubling_layers: []
	interfaces: [0, 25, 50]
	interface_fids: ['interface_topo.dat', 'interface_1.dat', 'interface_2.dat']
	interface_increase: [1, 1.3, 2]
	regions: [40, 80]
	materials: [[4400, 7500, 4500, 9999, 1001], [6500, 8500, 4500, 9999, 1000], [7500, 9000, 4500, 9999, 1000]]
	nproc: 84
	topo: nznorth_ext
	grid_space_top_hv: [5, 5]
	shortest_period_s: 12
	vs_min_km_per_s: 3.0
	vp_max_km_per_s: 9.3
	top_vertical_element_ratio: 1.0
CALCULATING MINIMUM GRID SPACE AT TOP OF MESH
	Grid space XYZ given
	MIN GRID SPACE HORIZONTAL: 5
	MIN GRID SPACE VERTICAL: 5
CALCULATING NUMBER OF PROCESSORS
	short direction is y
	NPROC_X = 12
	NPROC_Y = 7
CALCULATING NUMBER OF ELEMENTS AT TOP OF MESH
	integer multiple found as c=2
	NEX_X = 96
	NEX_Y = 56
	!!! enforcing NEX_PER_PROC_XI == 2c * 2 ** ndoublings
		NEX_X: 96 -> 96
	!!! enforcing NEX_PER_PROC_ETA == 2c * 2 ** ndoublings
		NEX_Y: 56 -> 56
	DX = 2.6042km
	DY = 3.5714km
CALCULATING NUMBER OF VERTICAL LAYERS (interfaces)
	5 layers of 5km between 0km and 25km
	5 layers of 5km between 25km and 50km
	31 layers of 6.5km between 50km and 250.0km
	NLAYERS = 3
	NELEMENTS_Z = 42
	LAYER SIZE FROM BOTTOM = [31, 5, 6]
FORMATTING HORIZONTAL DOUBLING LAYERS (ndoublings)
	NDOUBLING LAYERS = []
FORMATTING NREGIONS AND NMATERIALS
	nregions = nmaterials = 3
	depth 80km is approx element 31 at depth 100.00km
	depth 40km is approx element 35 at depth 50.00km
	depth 0km is top of mesh 0km
	REGION STARTING ELEMENT = [42, 35, 31]
MESH HAS THE APPROXIMATE FORM
	42/01; Z~=  0.00km
		Top of Mesh
		Region 1 begins
		dx=2.60, dy=3.57, dz=5
	41/02; Z~= -5.00km
	40/03; Z~=-10.00km
	39/04; Z~=-15.00km
	38/05; Z~=-20.00km
	37/06; Z~=-25.00km
	36/07; Z~=-30.00km
		Interface (vertical x1)
		dx=2.60, dy=3.57, dz=5
	35/08; Z~=-35.00km
		Region 2 begins
		dx=2.60, dy=3.57, dz=5
	34/09; Z~=-40.00km
	33/10; Z~=-45.00km
	32/11; Z~=-50.00km
	31/12; Z~=-55.00km
		Interface (vertical x1.3)
		Region 3 begins
		dx=2.60, dy=3.57, dz=6.5
	30/13; Z~=-61.50km
	29/14; Z~=-68.00km
	28/15; Z~=-74.50km
	27/16; Z~=-81.00km
	26/17; Z~=-87.50km
	25/18; Z~=-94.00km
	24/19; Z~=-100.50km
	23/20; Z~=-107.00km
	22/21; Z~=-113.50km
	21/22; Z~=-120.00km
	20/23; Z~=-126.50km
	19/24; Z~=-133.00km
	18/25; Z~=-139.50km
	17/26; Z~=-146.00km
	16/27; Z~=-152.50km
	15/28; Z~=-159.00km
	14/29; Z~=-165.50km
	13/30; Z~=-172.00km
	12/31; Z~=-178.50km
	11/32; Z~=-185.00km
	10/33; Z~=-191.50km
	09/34; Z~=-198.00km
	08/35; Z~=-204.50km
	07/36; Z~=-211.00km
	06/37; Z~=-217.50km
	05/38; Z~=-224.00km
	04/39; Z~=-230.50km
	03/40; Z~=-237.00km
	02/41; Z~=-243.50km
	01/42; Z~=-250.00km
WRITING Mesh_Par_file
WRITING interfaces.dat
WRITING INTERACE interface_topo.dat
WRITING INTERACE interface_1.dat
WRITING INTERACE interface_2.dat
APPROXIMATING TOTAL NUMBER OF ELEMENTS IN MESH
	APPRX_NUM_ELEM = 225792
