PREPARING MESH FOR MESHFEM3D

{'dir_name': './created/nk_mdj', 'lat_min': 41.5, 'lat_max': 44.7, 'lon_min': 128.9, 'lon_max': 129.75, 'utm_projection': 52, 'suppress_utm_proj': False, 'mesh_depth_km': 100.0, 'mesh_top_km': 2.5, 'doubling_layers': [8, 16, 36], 'interfaces': [0, 5.5, 13, 33], 'interface_increase': [1, 2, 2, 2], 'interface_fids': ['interface_topo.dat', 'interface_1.dat', 'interface_2.dat', 'interface_3.dat'], 'regions': [8.5], 'materials': [[4400, 7500, 4500, 9999, 1001], [6500, 8500, 4500, 9999, 1000]], 'nproc': 64, 'grid_space_top_hv': [0.5, 0.5], 'shortest_period_s': 3, 'vs_min_km_per_s': 1.5, 'vp_max_km_per_s': 8.8, 'points_per_wl': 5, 'top_vertical_element_ratio': 1, 'tag': 'nk_mdj'}

PARAMETERS FOR: nk_mdj
	dir_name: ./created/nk_mdj
	lat_min: 41.5
	lat_max: 44.7
	lon_min: 128.9
	lon_max: 129.75
	utm_projection: 52
	suppress_utm_proj: False
	mesh_depth_km: 100.0
	mesh_top_km: 2.5
	doubling_layers: [8, 16, 36]
	interfaces: [0, 5.5, 13, 33]
	interface_increase: [1, 2, 2, 2]
	interface_fids: ['interface_topo.dat', 'interface_1.dat', 'interface_2.dat', 'interface_3.dat']
	regions: [8.5]
	materials: [[4400, 7500, 4500, 9999, 1001], [6500, 8500, 4500, 9999, 1000]]
	nproc: 64
	grid_space_top_hv: [0.5, 0.5]
	shortest_period_s: 3
	vs_min_km_per_s: 1.5
	vp_max_km_per_s: 8.8
	points_per_wl: 5
	top_vertical_element_ratio: 1
	tag: nk_mdj
CALCULATING MINIMUM GRID SPACE AT TOP OF MESH
	Grid space XYZ given
	MIN GRID SPACE HORIZONTAL: 0.5
	MIN GRID SPACE VERTICAL: 0.5
CALCULATING NUMBER OF PROCESSORS
	x-axis length = 67.7654208657461
	y-axis length = 355.62958958306535
	short direction is 'x'
	NPROC_X = 4
	NPROC_Y = 16
CALCULATING NUMBER OF ELEMENTS AT TOP OF MESH
	integer multiple found as c=3
	NEX_X = 192
	NEX_Y = 768
	!!! enforcing NEX_PER_PROC_XI == 2c * 2 ** ndoublings
		NEX_X: 192 -> 192
	!!! enforcing NEX_PER_PROC_ETA == 2c * 2 ** ndoublings
		NEX_Y: 768 -> 768
	DX = 0.3529km
	DY = 0.4631km
	Note: if values below too large, adjust 'shortest_period_s'
	Note: if values below too small, check  'suppress_utm_proj'
	GRID_SPACE_H - DX = 0.1470550996575724
	GRID_SPACE_H - DY = 0.03694063856371699
SCALING VERTICAL ELEMENT SIZE BASED ON DX and DY
	DZ = (dx + dy)/2 * 1 ~= 0.5
CALCULATING NUMBER OF VERTICAL LAYERS (interfaces)
	11 layers of 0.5km between 0km and 5.5km (5.5 km)
	8 layers of 1.0km between 5.5km and 13km (8.0 km)
	10 layers of 2.0km between 13km and 33km (20.0 km)
	17 layers of 4.0km between 33km and 100.0km (68.0 km)
	NLAYERS = 4
	NELEMENTS_Z = 46
	NUM ELEM PER LAYER FROM BOTTOM = [17, 10, 8, 11]
FORMATTING HORIZONTAL DOUBLING LAYERS (ndoublings)
	depth 36km is approx element 17 at depth 40.00km
	depth 16km is approx element 27 at depth 18.00km
	depth 8km is approx element 35 at depth 9.00km
	NDOUBLING LAYERS = [17, 27, 35]
FORMATTING NREGIONS AND NMATERIALS
	nregions = nmaterials = 2
	depth 8.5km is approx element 35 at depth 9.00km
	depth 2.5km is top of mesh 2.5km
	REGION STARTING ELEMENT = [46, 35]
MESH HAS THE APPROXIMATE FORM
	46/00; Z~=  2.50km
		Top of Mesh
		Interface (vertical x1)
		Region 1 begins
		dx=0.35, dy=0.46, dz=0.5
	45/01; Z~=  2.00km
	44/02; Z~=  1.50km
	43/03; Z~=  1.00km
	42/04; Z~=  0.50km
	41/05; Z~=  0.00km
	40/06; Z~= -0.50km
	39/07; Z~= -1.00km
	38/08; Z~= -1.50km
	37/09; Z~= -2.00km
	36/10; Z~= -2.50km
	35/11; Z~= -3.00km
		Interface (vertical x2)
		Doubling (horizontal doubling)
		Region 2 begins
		dx=0.71, dy=0.93, dz=1.0
	34/12; Z~= -4.00km
	33/13; Z~= -5.00km
	32/14; Z~= -6.00km
	31/15; Z~= -7.00km
	30/16; Z~= -8.00km
	29/17; Z~= -9.00km
	28/18; Z~=-10.00km
	27/19; Z~=-11.00km
		Interface (vertical x2)
		Doubling (horizontal doubling)
		dx=1.41, dy=1.85, dz=2.0
	26/20; Z~=-13.00km
	25/21; Z~=-15.00km
	24/22; Z~=-17.00km
	23/23; Z~=-19.00km
	22/24; Z~=-21.00km
	21/25; Z~=-23.00km
	20/26; Z~=-25.00km
	19/27; Z~=-27.00km
	18/28; Z~=-29.00km
	17/29; Z~=-31.00km
		Interface (vertical x2)
		Doubling (horizontal doubling)
		dx=2.82, dy=3.70, dz=4.0
	16/30; Z~=-35.00km
	15/31; Z~=-39.00km
	14/32; Z~=-43.00km
	13/33; Z~=-47.00km
	12/34; Z~=-51.00km
	11/35; Z~=-55.00km
	10/36; Z~=-59.00km
	09/37; Z~=-63.00km
	08/38; Z~=-67.00km
	07/39; Z~=-71.00km
	06/40; Z~=-75.00km
	05/41; Z~=-79.00km
	04/42; Z~=-83.00km
	03/43; Z~=-87.00km
	02/44; Z~=-91.00km
	01/45; Z~=-95.00km
WRITING Mesh_Par_file
WRITING interfaces.dat
WRITING INTERACE interface_topo.dat
WRITING INTERACE interface_1.dat
WRITING INTERACE interface_2.dat
WRITING INTERACE interface_3.dat
APPROXIMATING TOTAL NUMBER OF ELEMENTS IN MESH
	APPRX_NUM_ELEM = 2193408
