PREPARING MESH FOR MESHFEM3D

{'tag': 'south_island', 'dir_name': './created/south_island', 'lat_min': -47.5, 'lat_max': -40.0, 'lon_min': 165.0, 'lon_max': 176.0, 'utm_projection': -60, 'mesh_depth_km': 400.0, 'mesh_top_km': -2.67, 'doubling_layers': [30, 55], 'interfaces': [10, 34], 'interface_fids': ['interface_10.dat', 'interface_30.dat'], 'regions': [8, 50], 'nproc': 160, 'grid_space_top_hv': [4, 2], 'shortest_period_s': 6.0, 'vs_min_km_per_s': 1.2, 'vp_max_km_per_s': 9.3, 'top_vertical_element_ratio': 1.0}

PARAMETERS FOR: south_island
	tag: south_island
	dir_name: ./created/south_island
	lat_min: -47.5
	lat_max: -40.0
	lon_min: 165.0
	lon_max: 176.0
	utm_projection: -60
	mesh_depth_km: 400.0
	mesh_top_km: -2.67
	doubling_layers: [30, 55]
	interfaces: [10, 34]
	interface_fids: ['interface_10.dat', 'interface_30.dat']
	regions: [8, 50]
	nproc: 160
	grid_space_top_hv: [4, 2]
	shortest_period_s: 6.0
	vs_min_km_per_s: 1.2
	vp_max_km_per_s: 9.3
	top_vertical_element_ratio: 1.0
CALCULATING MINIMUM GRID SPACE AT TOP OF MESH
	Grid space XYZ given
	MIN GRID SPACE HORIZONTAL: 4
	MIN GRID SPACE VERTICAL: 2
CALCULATING NUMBER OF PROCESSORS
	short direction is x
	NPROC_X = 10
	NPROC_Y = 16
CALCULATING NUMBER OF ELEMENTS AT TOP OF MESH
	integer multiple found as c=2
	NEX_X = 240
	NEX_Y = 256
	!!! enforcing NEX_PER_PROC_XI == 2c * 2 ** ndoublings
		NEX_X: 240 -> 240
	!!! enforcing NEX_PER_PROC_ETA == 2c * 2 ** ndoublings
		NEX_Y: 256 -> 256
	DX = 3.4074km
	DY = 3.5262km
CALCULATING NUMBER OF VERTICAL TRIPLING LAYERS (interfaces)
	6 layers of 2km between -2.67km and 10km
	4 layers of 6km between 10km and 34km
	20 layers of 18km between 34km and 400.0km
	NLAYERS = 3
	NELEMENTS_Z = 30
	LAYER SIZE FROM BOTTOM = [20, 4, 6]
FORMATTING HORIZONTAL DOUBLING LAYERS (ndoublings)
	depth 55km is approx element 19 at depth 69.33km
	depth 30km is approx element 21 at depth 33.33km
	NDOUBLING LAYERS = [19, 21]
FORMATTING NREGIONS AND NMATERIALS
	nregions = nmaterials = 3
	depth 50km is approx element 20 at depth 51.33km
	depth 8km is approx element 25 at depth 9.33km
	depth -2.67km is top of mesh -2.67km
	REGION STARTING ELEMENT = [30, 25, 20]
MESH HAS THE APPROXIMATE FORM
	30/01; Z~= -2.67km
		Top of Mesh
		Region 1 begins
		dx=3.41, dy=3.53, dz=2
	29/02; Z~= -4.67km
	28/03; Z~= -6.67km
	27/04; Z~= -8.67km
	26/05; Z~=-10.67km
	25/06; Z~=-12.67km
		Region 2 begins
		dx=3.41, dy=3.53, dz=2
	24/07; Z~=-14.67km
		Interface (vertical tripling)
		dx=3.41, dy=3.53, dz=6
	23/08; Z~=-20.67km
	22/09; Z~=-26.67km
	21/10; Z~=-32.67km
		Doubling (horizontal doubling)
		dx=6.81, dy=7.05, dz=6
	20/11; Z~=-38.67km
		Interface (vertical tripling)
		Region 3 begins
		dx=6.81, dy=7.05, dz=18
	19/12; Z~=-56.67km
		Doubling (horizontal doubling)
		dx=13.63, dy=14.10, dz=18
	18/13; Z~=-74.67km
	17/14; Z~=-92.67km
	16/15; Z~=-110.67km
	15/16; Z~=-128.67km
	14/17; Z~=-146.67km
	13/18; Z~=-164.67km
	12/19; Z~=-182.67km
	11/20; Z~=-200.67km
	10/21; Z~=-218.67km
	09/22; Z~=-236.67km
	08/23; Z~=-254.67km
	07/24; Z~=-272.67km
	06/25; Z~=-290.67km
	05/26; Z~=-308.67km
	04/27; Z~=-326.67km
	03/28; Z~=-344.67km
	02/29; Z~=-362.67km
	01/30; Z~=-380.67km
WRITING Mesh_Par_file
WRITING interfaces.dat
WRITING INTERACE interface_10.dat
WRITING INTERACE interface_30.dat
APPROXIMATING TOTAL NUMBER OF ELEMENTS IN MESH
	APPRX_NUM_ELEM = 714240
