PREPARING MESH FOR MESHFEM3D

{'tag': 'visualize', 'dir_name': './created/visualize', 'lat_min': -42.5, 'lat_max': -37.0, 'lon_min': 173.0, 'lon_max': 178.5, 'utm_projection': -60, 'mesh_depth_km': 100.0, 'mesh_top_km': -2.67, 'doubling_layers': [], 'interfaces': [], 'interface_fids': [], 'regions': [8, 50], 'nproc': 80, 'grid_space_top_hv': [4, 4], 'shortest_period_s': 6.0, 'vs_min_km_per_s': 1.2, 'vp_max_km_per_s': 9.3, 'top_vertical_element_ratio': 1.0}

PARAMETERS FOR: visualize
	tag: visualize
	dir_name: ./created/visualize
	lat_min: -42.5
	lat_max: -37.0
	lon_min: 173.0
	lon_max: 178.5
	utm_projection: -60
	mesh_depth_km: 100.0
	mesh_top_km: -2.67
	doubling_layers: []
	interfaces: []
	interface_fids: []
	regions: [8, 50]
	nproc: 80
	grid_space_top_hv: [4, 4]
	shortest_period_s: 6.0
	vs_min_km_per_s: 1.2
	vp_max_km_per_s: 9.3
	top_vertical_element_ratio: 1.0
CALCULATING MINIMUM GRID SPACE AT TOP OF MESH
	Grid space XYZ given
	MIN GRID SPACE HORIZONTAL: 4
	MIN GRID SPACE VERTICAL: 4
CALCULATING NUMBER OF PROCESSORS
	short direction is x
	NPROC_X = 8
	NPROC_Y = 10
CALCULATING NUMBER OF ELEMENTS AT TOP OF MESH
	integer multiple found as c=2
	NEX_X = 128
	NEX_Y = 160
	!!! enforcing NEX_PER_PROC_XI == 2c * 2 ** ndoublings
		NEX_X: 128 -> 128
	!!! enforcing NEX_PER_PROC_ETA == 2c * 2 ** ndoublings
		NEX_Y: 160 -> 160
	DX = 3.6106km
	DY = 3.8570km
CALCULATING NUMBER OF VERTICAL TRIPLING LAYERS (interfaces)
	26 layers of 4km between -2.67km and 100.0km
	NLAYERS = 1
	NELEMENTS_Z = 26
	LAYER SIZE FROM BOTTOM = [26]
FORMATTING HORIZONTAL DOUBLING LAYERS (ndoublings)
	NDOUBLING LAYERS = []
FORMATTING NREGIONS AND NMATERIALS
	nregions = nmaterials = 3
	depth 50km is approx element 13 at depth 53.33km
	depth 8km is approx element 24 at depth 9.33km
	depth -2.67km is top of mesh -2.67km
	REGION STARTING ELEMENT = [26, 24, 13]
MESH HAS THE APPROXIMATE FORM
	26/01; Z~= -2.67km
		Top of Mesh
		Region 1 begins
		dx=3.61, dy=3.86, dz=4
	25/02; Z~= -6.67km
	24/03; Z~=-10.67km
		Region 2 begins
		dx=3.61, dy=3.86, dz=4
	23/04; Z~=-14.67km
	22/05; Z~=-18.67km
	21/06; Z~=-22.67km
	20/07; Z~=-26.67km
	19/08; Z~=-30.67km
	18/09; Z~=-34.67km
	17/10; Z~=-38.67km
	16/11; Z~=-42.67km
	15/12; Z~=-46.67km
	14/13; Z~=-50.67km
	13/14; Z~=-54.67km
		Region 3 begins
		dx=3.61, dy=3.86, dz=4
	12/15; Z~=-58.67km
	11/16; Z~=-62.67km
	10/17; Z~=-66.67km
	09/18; Z~=-70.67km
	08/19; Z~=-74.67km
	07/20; Z~=-78.67km
	06/21; Z~=-82.67km
	05/22; Z~=-86.67km
	04/23; Z~=-90.67km
	03/24; Z~=-94.67km
	02/25; Z~=-98.67km
	01/26; Z~=-102.67km
WRITING Mesh_Par_file
APPROXIMATING TOTAL NUMBER OF ELEMENTS IN MESH
	APPRX_NUM_ELEM = 532480
