PREPARING MESH FOR MESHFEM3D

{'tag': 'forest', 'dir_name': '/home/chowbr/primer/meshes/forest/meshfem3D_files', 'lat_min': -42.5, 'lat_max': -37.0, 'lon_min': 173.0, 'lon_max': 178.5, 'utm_projection': -60, 'mesh_depth_km': 400.0, 'mesh_top_km': -2.67, 'doubling_layers': [8.5, 62], 'interfaces': [8, 60], 'interface_fids': ['shallow_to_crust.dat', 'crust_to_mantle.dat'], 'regions': [8, 50], 'nproc': 120, 'grid_space_top_hv': [4, 1.5], 'shortest_period_s': 2.5, 'vs_min_km_per_s': 1.2, 'vp_max_km_per_s': 9.3, 'top_vertical_element_ratio': 1.0}

PARAMETERS FOR: forest
	tag: forest
	dir_name: /home/chowbr/primer/meshes/forest/meshfem3D_files
	lat_min: -42.5
	lat_max: -37.0
	lon_min: 173.0
	lon_max: 178.5
	utm_projection: -60
	mesh_depth_km: 400.0
	mesh_top_km: -2.67
	doubling_layers: [8.5, 62]
	interfaces: [8, 60]
	interface_fids: ['shallow_to_crust.dat', 'crust_to_mantle.dat']
	regions: [8, 50]
	nproc: 120
	grid_space_top_hv: [4, 1.5]
	shortest_period_s: 2.5
	vs_min_km_per_s: 1.2
	vp_max_km_per_s: 9.3
	top_vertical_element_ratio: 1.0
CALCULATING MINIMUM GRID SPACE AT TOP OF MESH
	Grid space XYZ given
	MIN GRID SPACE HORIZONTAL: 4
	MIN GRID SPACE VERTICAL: 1.5
CALCULATING NUMBER OF PROCESSORS
	short direction is x
	NPROC_X = 10
	NPROC_Y = 12
CALCULATING NUMBER OF ELEMENTS AT TOP OF MESH
	integer multiple found as c=4
	NEX_X = 240
	NEX_Y = 288
	!!! enforcing NEX_PER_PROC_XI == 2c * 2 ** ndoublings
		NEX_X: 240 -> 240
	!!! enforcing NEX_PER_PROC_ETA == 2c * 2 ** ndoublings
		NEX_Y: 288 -> 288
	DX = 1.9257km
	DY = 2.1428km
CALCULATING NUMBER OF VERTICAL TRIPLING LAYERS (interfaces)
	7 layers of 1.5km between -2.67km and 8km
	12 layers of 4.5km between 8km and 60km
	25 layers of 13.5km between 60km and 400.0km
	NLAYERS = 3
	NELEMENTS_Z = 44
	LAYER SIZE FROM BOTTOM = [25, 12, 7]
FORMATTING HORIZONTAL DOUBLING LAYERS (ndoublings)
	depth 62km is approx element 25 at depth 75.33km
	depth 8.5km is approx element 37 at depth 12.33km
	NDOUBLING LAYERS = [25, 37]
FORMATTING NREGIONS AND NMATERIALS
	nregions = nmaterials = 3
	depth 50km is approx element 28 at depth 52.83km
	depth 8km is approx element 37 at depth 12.33km
	depth -2.67km is top of mesh -2.67km
	REGION STARTING ELEMENT = [44, 37, 28]
MESH HAS THE APPROXIMATE FORM
	44/01; Z~= -2.67km
		Top of Mesh
		Region 1 begins
		dx=1.93, dy=2.14, dz=1.5
	43/02; Z~= -4.17km
	42/03; Z~= -5.67km
	41/04; Z~= -7.17km
	40/05; Z~= -8.67km
	39/06; Z~=-10.17km
	38/07; Z~=-11.67km
	37/08; Z~=-13.17km
		Interface (vertical doubling)
		Doubling (horizontal doubling)
		Region 2 begins
		dx=3.85, dy=4.29, dz=4.5
	36/09; Z~=-17.67km
	35/10; Z~=-22.17km
	34/11; Z~=-26.67km
	33/12; Z~=-31.17km
	32/13; Z~=-35.67km
	31/14; Z~=-40.17km
	30/15; Z~=-44.67km
	29/16; Z~=-49.17km
	28/17; Z~=-53.67km
		Region 3 begins
		dx=3.85, dy=4.29, dz=4.5
	27/18; Z~=-58.17km
	26/19; Z~=-62.67km
	25/20; Z~=-67.17km
		Interface (vertical doubling)
		Doubling (horizontal doubling)
		dx=7.70, dy=8.57, dz=13.5
	24/21; Z~=-80.67km
	23/22; Z~=-94.17km
	22/23; Z~=-107.67km
	21/24; Z~=-121.17km
	20/25; Z~=-134.67km
	19/26; Z~=-148.17km
	18/27; Z~=-161.67km
	17/28; Z~=-175.17km
	16/29; Z~=-188.67km
	15/30; Z~=-202.17km
	14/31; Z~=-215.67km
	13/32; Z~=-229.17km
	12/33; Z~=-242.67km
	11/34; Z~=-256.17km
	10/35; Z~=-269.67km
	09/36; Z~=-283.17km
	08/37; Z~=-296.67km
	07/38; Z~=-310.17km
	06/39; Z~=-323.67km
	05/40; Z~=-337.17km
	04/41; Z~=-350.67km
	03/42; Z~=-364.17km
	02/43; Z~=-377.67km
	01/44; Z~=-391.17km
WRITING Mesh_Par_file
WRITING interfaces.dat
WRITING INTERACE shallow_to_crust.dat
WRITING INTERACE crust_to_mantle.dat
APPROXIMATING TOTAL NUMBER OF ELEMENTS IN MESH
	APPRX_NUM_ELEM = 864000
