PREPARING MESH FOR MESHFEM3D

{'tag': 'nalaska_globe_chunk', 'dir_name': './created/nalaska_globe_chunk', 'lat_min': -168.0, 'lat_max': -140.0, 'lon_min': 64.5, 'lon_max': 72, 'utm_projection': -99, 'suppress_utm_proj': True, 'mesh_depth_km': 600.0, 'mesh_top_km': -6.0, 'doubling_layers': [60, 140], 'interfaces': [80, 220], 'interface_fids': ['interface_80.dat', 'interface_220.dat'], 'interface_increase': [1, 1], 'regions': [8, 50], 'materials': [[4400, 7500, 4500, 9999, 1000], [4400, 7500, 4500, 9999, 1000], [4400, 7500, 4500, 9999, 1000]], 'nproc': 28, 'grid_space_top_hv': [100, 10], 'shortest_period_s': 8, 'vs_min_km_per_s': 1.0, 'points_per_wl': 5, 'top_vertical_element_ratio': 1.0}

PARAMETERS FOR: nalaska_globe_chunk
	tag: nalaska_globe_chunk
	dir_name: ./created/nalaska_globe_chunk
	lat_min: -168.0
	lat_max: -140.0
	lon_min: 64.5
	lon_max: 72
	utm_projection: -99
	suppress_utm_proj: True
	mesh_depth_km: 600.0
	mesh_top_km: -6.0
	doubling_layers: [60, 140]
	interfaces: [80, 220]
	interface_fids: ['interface_80.dat', 'interface_220.dat']
	interface_increase: [1, 1]
	regions: [8, 50]
	materials: [[4400, 7500, 4500, 9999, 1000], [4400, 7500, 4500, 9999, 1000], [4400, 7500, 4500, 9999, 1000]]
	nproc: 28
	grid_space_top_hv: [100, 10]
	shortest_period_s: 8
	vs_min_km_per_s: 1.0
	points_per_wl: 5
	top_vertical_element_ratio: 1.0
CALCULATING MINIMUM GRID SPACE AT TOP OF MESH
	Grid space XYZ given
	MIN GRID SPACE HORIZONTAL: 100
	MIN GRID SPACE VERTICAL: 10
CALCULATING NUMBER OF PROCESSORS
	x-axis length = 0.0075
	y-axis length = 0.028
	short direction is 'x'
	NPROC_X = 4
	NPROC_Y = 7
CALCULATING NUMBER OF ELEMENTS AT TOP OF MESH
	integer multiple found as c=4
	NEX_X = 96
	NEX_Y = 168
	!!! enforcing NEX_PER_PROC_XI == 2c * 2 ** ndoublings
		NEX_X: 96 -> 96
	!!! enforcing NEX_PER_PROC_ETA == 2c * 2 ** ndoublings
		NEX_Y: 168 -> 168
	DX = 0.0001km
	DY = 0.0002km
	Note: if values below too large, adjust 'shortest_period_s'
	Note: if values below too small, check  'suppress_utm_proj'
	GRID_SPACE_H - DX = 99.999921875
	GRID_SPACE_H - DY = 99.99983333333333
SCALING VERTICAL ELEMENT SIZE BASED ON DX and DY
	DZ = (dx + dy)/2 * 1.0 ~= 0
CALCULATING NUMBER OF VERTICAL LAYERS (interfaces)
