PREPARING MESH FOR MESHFEM3D

{'tag': 'ristau1D', 'dir_name': './ristau1D', 'lat_min': -42.5, 'lat_max': -37.0, 'lon_min': 173.0, 'lon_max': 178.5, 'utm_projection': -60, 'mesh_depth_km': 400.0, 'mesh_top_km': 0, 'doubling_layers': [15, 40], 'interfaces': [6, 33], 'interface_fids': ['interface1.dat', 'interface2.dat'], 'regions': [3, 6, 15, 33, 64, 95.4], 'nproc': 120, 'grid_space_top_hv': [6, 3], 'shortest_period_s': 10.0, 'vs_min_km_per_s': 1.2, 'vp_max_km_per_s': 9.3, 'top_vertical_element_ratio': 1.0}

PARAMETERS FOR: ristau1D
	tag: ristau1D
	dir_name: ./ristau1D
	lat_min: -42.5
	lat_max: -37.0
	lon_min: 173.0
	lon_max: 178.5
	utm_projection: -60
	mesh_depth_km: 400.0
	mesh_top_km: 0
	doubling_layers: [15, 40]
	interfaces: [6, 33]
	interface_fids: ['interface1.dat', 'interface2.dat']
	regions: [3, 6, 15, 33, 64, 95.4]
	nproc: 120
	grid_space_top_hv: [6, 3]
	shortest_period_s: 10.0
	vs_min_km_per_s: 1.2
	vp_max_km_per_s: 9.3
	top_vertical_element_ratio: 1.0
CALCULATING MINIMUM GRID SPACE AT TOP OF MESH
	Grid space XYZ given
	MIN GRID SPACE HORIZONTAL: 6
	MIN GRID SPACE VERTICAL: 3
CALCULATING NUMBER OF PROCESSORS
	short direction is x
	NPROC_X = 10
	NPROC_Y = 12
CALCULATING NUMBER OF ELEMENTS AT TOP OF MESH
	integer multiple found as c=2
	NEX_X = 80
	NEX_Y = 192
	!!! enforcing NEX_PER_PROC_XI == 2c * 2 ** ndoublings
		NEX_X: 80 -> 80
	!!! enforcing NEX_PER_PROC_ETA == 2c * 2 ** ndoublings
		NEX_Y: 192 -> 192
	DX = 5.7770km
	DY = 3.2142km
CALCULATING NUMBER OF VERTICAL TRIPLING LAYERS (interfaces)
	2 layers of 3km between 0km and 6km
	3 layers of 9km between 6km and 33km
	14 layers of 27km between 33km and 400.0km
	NLAYERS = 3
	NELEMENTS_Z = 20
	LAYER SIZE FROM BOTTOM = [14, 3, 3]
FORMATTING HORIZONTAL DOUBLING LAYERS (ndoublings)
	depth 40km is approx element 14 at depth 63.00km
	!!! doubling layer matches interface layer, placing above interface
	depth 15km is approx element 17 at depth 18.00km
	!!! doubling layer matches interface layer, placing above interface
	NDOUBLING LAYERS = [13, 16]
FORMATTING NREGIONS AND NMATERIALS
	nregions = nmaterials = 7
	depth 95.4km is approx element 12 at depth 117.00km
	depth 64km is approx element 13 at depth 90.00km
	depth 33km is approx element 15 at depth 36.00km
	depth 15km is approx element 17 at depth 18.00km
	depth 6km is approx element 18 at depth 9.00km
	depth 3km is approx element 19 at depth 6.00km
	depth 0km is top of mesh 0km
	REGION STARTING ELEMENT = [20, 19, 18, 17, 15, 13, 12]
MESH HAS THE APPROXIMATE FORM
	20/01; Z~=  0.00km
		Top of Mesh
		Region 1 begins
		dx=5.78, dy=3.21, dz=3
	19/02; Z~= -3.00km
		Region 2 begins
		dx=5.78, dy=3.21, dz=3
	18/03; Z~= -6.00km
		Region 3 begins
		dx=5.78, dy=3.21, dz=3
	17/04; Z~= -9.00km
		Interface (vertical doubling)
		Region 4 begins
		dx=5.78, dy=3.21, dz=9
	16/05; Z~=-18.00km
		Doubling (horizontal doubling)
		dx=11.55, dy=6.43, dz=9
	15/06; Z~=-27.00km
		Region 5 begins
		dx=11.55, dy=6.43, dz=9
	14/07; Z~=-36.00km
		Interface (vertical doubling)
		dx=11.55, dy=6.43, dz=27
	13/08; Z~=-63.00km
		Doubling (horizontal doubling)
		Region 6 begins
		dx=23.11, dy=12.86, dz=27
	12/09; Z~=-90.00km
		Region 7 begins
		dx=23.11, dy=12.86, dz=27
	11/10; Z~=-117.00km
	10/11; Z~=-144.00km
	09/12; Z~=-171.00km
	08/13; Z~=-198.00km
	07/14; Z~=-225.00km
	06/15; Z~=-252.00km
	05/16; Z~=-279.00km
	04/17; Z~=-306.00km
	03/18; Z~=-333.00km
	02/19; Z~=-360.00km
	01/20; Z~=-387.00km
WRITING Mesh_Par_file
WRITING interfaces.dat
WRITING INTERACE interface1.dat
WRITING INTERACE interface2.dat
APPROXIMATING TOTAL NUMBER OF ELEMENTS IN MESH
	APPRX_NUM_ELEM = 99840
