PREPARING MESH FOR MESHFEM3D

{'dir_name': './created/nk_aspen', 'lat_min': 40.5, 'lat_max': 45.5, 'lon_min': 126.0, 'lon_max': 134.0, 'utm_projection': 52, 'suppress_utm_proj': False, 'mesh_depth_km': 100.0, 'mesh_top_km': 2.5, 'doubling_layers': [8, 16, 36], 'interfaces': [0, 5, 12, 33], 'interface_increase': [1, 2, 2, 2], 'interface_fids': ['interface_topo.dat', 'interface_1.dat', 'interface_2.dat', 'interface_3.dat'], 'regions': [8.5], 'materials': [[4400, 7500, 4500, 9999, 1001], [6500, 8500, 4500, 9999, 1000]], 'nproc': 64, 'grid_space_top_hv': [0.5, 0.5], 'shortest_period_s': 3, 'vs_min_km_per_s': 1.5, 'vp_max_km_per_s': 8.8, 'points_per_wl': 5, 'top_vertical_element_ratio': 1, 'tag': 'nk_aspen'}

PARAMETERS FOR: nk_aspen
	dir_name: ./created/nk_aspen
	lat_min: 40.5
	lat_max: 45.5
	lon_min: 126.0
	lon_max: 134.0
	utm_projection: 52
	suppress_utm_proj: False
	mesh_depth_km: 100.0
	mesh_top_km: 2.5
	doubling_layers: [8, 16, 36]
	interfaces: [0, 5, 12, 33]
	interface_increase: [1, 2, 2, 2]
	interface_fids: ['interface_topo.dat', 'interface_1.dat', 'interface_2.dat', 'interface_3.dat']
	regions: [8.5]
	materials: [[4400, 7500, 4500, 9999, 1001], [6500, 8500, 4500, 9999, 1000]]
	nproc: 64
	grid_space_top_hv: [0.5, 0.5]
	shortest_period_s: 3
	vs_min_km_per_s: 1.5
	vp_max_km_per_s: 8.8
	points_per_wl: 5
	top_vertical_element_ratio: 1
	tag: nk_aspen
CALCULATING MINIMUM GRID SPACE AT TOP OF MESH
	Grid space XYZ given
	MIN GRID SPACE HORIZONTAL: 0.5
	MIN GRID SPACE VERTICAL: 0.5
CALCULATING NUMBER OF PROCESSORS
	x-axis length = 644.8455351677607
	y-axis length = 563.0894747246932
	short direction is 'y'
	NPROC_X = 8
	NPROC_Y = 8
CALCULATING NUMBER OF ELEMENTS AT TOP OF MESH
	integer multiple found as c=2
	NEX_X = 1344
	NEX_Y = 1152
	!!! enforcing NEX_PER_PROC_XI == 2c * 2 ** ndoublings
		NEX_X: 1344 -> 1408
	!!! enforcing NEX_PER_PROC_ETA == 2c * 2 ** ndoublings
		NEX_Y: 1152 -> 1152
	DX = 0.4580km
	DY = 0.4888km
	Note: if values below too large, adjust 'shortest_period_s'
	Note: if values below too small, check  'suppress_utm_proj'
	GRID_SPACE_H - DX = 0.042013114227442694
	GRID_SPACE_H - DY = 0.011207053190370464
SCALING VERTICAL ELEMENT SIZE BASED ON DX and DY
	DZ = (dx + dy)/2 * 1 ~= 0.5
CALCULATING NUMBER OF VERTICAL LAYERS (interfaces)
	10 layers of 0.5km between 0km and 5km (5.0 km)
	7 layers of 1.0km between 5km and 12km (7.0 km)
	10 layers of 2.0km between 12km and 33km (20.0 km)
	17 layers of 4.0km between 33km and 100.0km (68.0 km)
	NLAYERS = 4
	NELEMENTS_Z = 44
	NUM ELEM PER LAYER FROM BOTTOM = [17, 10, 7, 10]
FORMATTING HORIZONTAL DOUBLING LAYERS (ndoublings)
	depth 36km is approx element 17 at depth 38.50km
	depth 16km is approx element 27 at depth 16.50km
	depth 8km is approx element 34 at depth 8.50km
	NDOUBLING LAYERS = [17, 27, 34]
FORMATTING NREGIONS AND NMATERIALS
	nregions = nmaterials = 2
	depth 8.5km is approx element 33 at depth 9.50km
	depth 2.5km is top of mesh 2.5km
	REGION STARTING ELEMENT = [44, 33]
MESH HAS THE APPROXIMATE FORM
	44/00; Z~=  2.50km
		Top of Mesh
		Interface (vertical x1)
		Region 1 begins
		dx=0.46, dy=0.49, dz=0.5
	43/01; Z~=  2.00km
	42/02; Z~=  1.50km
	41/03; Z~=  1.00km
	40/04; Z~=  0.50km
	39/05; Z~=  0.00km
	38/06; Z~= -0.50km
	37/07; Z~= -1.00km
	36/08; Z~= -1.50km
	35/09; Z~= -2.00km
	34/10; Z~= -2.50km
		Interface (vertical x2)
		Doubling (horizontal doubling)
		dx=0.92, dy=0.98, dz=1.0
	33/11; Z~= -3.50km
		Region 2 begins
		dx=0.92, dy=0.98, dz=1.0
	32/12; Z~= -4.50km
	31/13; Z~= -5.50km
	30/14; Z~= -6.50km
	29/15; Z~= -7.50km
	28/16; Z~= -8.50km
	27/17; Z~= -9.50km
		Interface (vertical x2)
		Doubling (horizontal doubling)
		dx=1.83, dy=1.96, dz=2.0
	26/18; Z~=-11.50km
	25/19; Z~=-13.50km
	24/20; Z~=-15.50km
	23/21; Z~=-17.50km
	22/22; Z~=-19.50km
	21/23; Z~=-21.50km
	20/24; Z~=-23.50km
	19/25; Z~=-25.50km
	18/26; Z~=-27.50km
	17/27; Z~=-29.50km
		Interface (vertical x2)
		Doubling (horizontal doubling)
		dx=3.66, dy=3.91, dz=4.0
	16/28; Z~=-33.50km
	15/29; Z~=-37.50km
	14/30; Z~=-41.50km
	13/31; Z~=-45.50km
	12/32; Z~=-49.50km
	11/33; Z~=-53.50km
	10/34; Z~=-57.50km
	09/35; Z~=-61.50km
	08/36; Z~=-65.50km
	07/37; Z~=-69.50km
	06/38; Z~=-73.50km
	05/39; Z~=-77.50km
	04/40; Z~=-81.50km
	03/41; Z~=-85.50km
	02/42; Z~=-89.50km
	01/43; Z~=-93.50km
WRITING Mesh_Par_file
WRITING interfaces.dat
WRITING INTERACE interface_topo.dat
WRITING INTERACE interface_1.dat
WRITING INTERACE interface_2.dat
WRITING INTERACE interface_3.dat
APPROXIMATING TOTAL NUMBER OF ELEMENTS IN MESH
	APPRX_NUM_ELEM = 22099968
