PREPARING MESH FOR MESHFEM3D

{'dir_name': './created/NK26/NK26', 'lat_min': 37.1035, 'lat_max': 41.9037, 'lon_min': 126.6244, 'lon_max': 129.9697, 'utm_projection': 52, 'suppress_utm_proj': False, 'mesh_depth_km': 100.0, 'mesh_top_km': 2.5, 'doubling_layers': [10, 16, 37], 'interfaces': [0, 7, 12.5, 32.5], 'interface_increase': [1, 2, 2, 2], 'interface_fids': ['interface_topo.dat', 'interface_1.dat', 'interface_2.dat', 'interface_3.dat'], 'regions': [], 'materials': [[4400, 7500, 4500, 9999, 1001]], 'nproc': 2, 'grid_space_top_hv': [1.5, 1.5], 'shortest_period_s': 3, 'vs_min_km_per_s': 1.5, 'vp_max_km_per_s': 8.8, 'points_per_wl': 5, 'top_vertical_element_ratio': 1, 'tag': 'NK26'}

PARAMETERS FOR: NK26
	dir_name: ./created/NK26/NK26
	lat_min: 37.1035
	lat_max: 41.9037
	lon_min: 126.6244
	lon_max: 129.9697
	utm_projection: 52
	suppress_utm_proj: False
	mesh_depth_km: 100.0
	mesh_top_km: 2.5
	doubling_layers: [10, 16, 37]
	interfaces: [0, 7, 12.5, 32.5]
	interface_increase: [1, 2, 2, 2]
	interface_fids: ['interface_topo.dat', 'interface_1.dat', 'interface_2.dat', 'interface_3.dat']
	regions: []
	materials: [[4400, 7500, 4500, 9999, 1001]]
	nproc: 2
	grid_space_top_hv: [1.5, 1.5]
	shortest_period_s: 3
	vs_min_km_per_s: 1.5
	vp_max_km_per_s: 8.8
	points_per_wl: 5
	top_vertical_element_ratio: 1
	tag: NK26
CALCULATING MINIMUM GRID SPACE AT TOP OF MESH
	Grid space XYZ given
	MIN GRID SPACE HORIZONTAL: 1.5
	MIN GRID SPACE VERTICAL: 1.5
CALCULATING NUMBER OF PROCESSORS
	x-axis length = 291.5309590111168
	y-axis length = 530.5438388531544
	short direction is 'x'
	NPROC_X = 1
	NPROC_Y = 2
CALCULATING NUMBER OF ELEMENTS AT TOP OF MESH
	integer multiple found as c=2
	NEX_X = 200
	NEX_Y = 368
	!!! enforcing NEX_PER_PROC_XI == 2c * 2 ** ndoublings
		NEX_X: 200 -> 208
	!!! enforcing NEX_PER_PROC_ETA == 2c * 2 ** ndoublings
		NEX_Y: 368 -> 384
	DX = 1.4016km
	DY = 1.3816km
	Note: if values below too large, adjust 'shortest_period_s'
	Note: if values below too small, check  'suppress_utm_proj'
	GRID_SPACE_H - DX = 0.09840885090809226
	GRID_SPACE_H - DY = 0.11837541965324383
SCALING VERTICAL ELEMENT SIZE BASED ON DX and DY
	DZ = (dx + dy)/2 * 1 ~= 1.5
CALCULATING NUMBER OF VERTICAL LAYERS (interfaces)
	5 layers of 1.5km between 0km and 7km (7.5 km)
	2 layers of 3.0km between 7km and 12.5km (6.0 km)
	3 layers of 6.0km between 12.5km and 32.5km (18.0 km)
	6 layers of 12.0km between 32.5km and 100.0km (72.0 km)
	NLAYERS = 4
	NELEMENTS_Z = 16
	NUM ELEM PER LAYER FROM BOTTOM = [6, 3, 2, 5]
FORMATTING HORIZONTAL DOUBLING LAYERS (ndoublings)
	depth 37km is approx element 6 at depth 46.00km
	depth 16km is approx element 9 at depth 22.00km
	depth 10km is approx element 11 at depth 13.00km
	NDOUBLING LAYERS = [6, 9, 11]
FORMATTING NREGIONS AND NMATERIALS
	nregions = nmaterials = 1
	depth 2.5km is top of mesh 2.5km
	REGION STARTING ELEMENT = [16]
MESH HAS THE APPROXIMATE FORM
	16/00; Z~=  2.50km
		Top of Mesh
		Interface (vertical x1)
		Region 1 begins
		dx=1.40, dy=1.38, dz=1.5
	15/01; Z~=  1.00km
	14/02; Z~= -0.50km
	13/03; Z~= -2.00km
	12/04; Z~= -3.50km
	11/05; Z~= -5.00km
		Interface (vertical x2)
		Doubling (horizontal doubling)
		dx=2.80, dy=2.76, dz=3.0
	10/06; Z~= -8.00km
	09/07; Z~=-11.00km
		Interface (vertical x2)
		Doubling (horizontal doubling)
		dx=5.61, dy=5.53, dz=6.0
	08/08; Z~=-17.00km
	07/09; Z~=-23.00km
	06/10; Z~=-29.00km
		Interface (vertical x2)
		Doubling (horizontal doubling)
		dx=11.21, dy=11.05, dz=12.0
	05/11; Z~=-41.00km
	04/12; Z~=-53.00km
	03/13; Z~=-65.00km
	02/14; Z~=-77.00km
	01/15; Z~=-89.00km
WRITING Mesh_Par_file
WRITING interfaces.dat
WRITING INTERACE interface_topo.dat
WRITING INTERACE interface_1.dat
WRITING INTERACE interface_2.dat
WRITING INTERACE interface_3.dat
APPROXIMATING TOTAL NUMBER OF ELEMENTS IN MESH
	APPRX_NUM_ELEM = 540384
